<?xml version="1.0" encoding="UTF-8"?>
<robot generator="Robot 4.1.3 (Python 3.10.1 on win32)" generated="20220207 00:14:29.237" rpa="false" schemaversion="2">
<suite id="s1" name="Tests" source="C:\GravidadeZERO\getgeeks\project\tests">
<suite id="s1-s1" name="Auth" source="C:\GravidadeZERO\getgeeks\project\tests\Auth.robot">
<test id="s1-s1-t1" name="User Login">
<kw name="Start Session" library="Base" type="SETUP">
<kw name="New Browser" library="Browser">
<arg>chromium</arg>
<arg>headless=False</arg>
<arg>slowMo=00:00:00</arg>
<tag>BrowserControl</tag>
<tag>Setter</tag>
<doc>Create a new playwright Browser with specified options.</doc>
<msg timestamp="20220207 00:14:30.919" level="INFO">{"browser": "chromium", "headless": false, "handleSIGINT": true, "handleSIGTERM": true, "handleSIGHUP": true, "timeout": 30000.0, "devtools": false, "slowMo": 0.0, "tracesDir": "C:\\GravidadeZERO\\getgeeks\\project\\logs\\browser\\traces\\6799d331-32d9-43c4-9109-90437abdc78e"}</msg>
<msg timestamp="20220207 00:14:31.904" level="INFO">Successfully created browser with options: {"browser":"chromium","headless":false,"handleSIGINT":true,"handleSIGTERM":true,"handleSIGHUP":true,"timeout":30000,"devtools":false,"slowMo":0,"tracesDir":"C:\\GravidadeZERO\\getgeeks\\project\\logs\\browser\\traces\\6799d331-32d9-43c4-9109-90437abdc78e"}</msg>
<status status="PASS" starttime="20220207 00:14:30.918" endtime="20220207 00:14:31.904"/>
</kw>
<kw name="New Page" library="Browser">
<arg>${BASE_URL}</arg>
<tag>BrowserControl</tag>
<tag>Setter</tag>
<doc>Open a new Page.</doc>
<msg timestamp="20220207 00:14:34.287" level="INFO">Successfully initialized new page object and opened url: https://getgeeks-kennedy.herokuapp.com</msg>
<msg timestamp="20220207 00:14:34.287" level="INFO">No context was open. New context was automatically opened when this page is created.</msg>
<status status="PASS" starttime="20220207 00:14:31.905" endtime="20220207 00:14:34.288"/>
</kw>
<status status="PASS" starttime="20220207 00:14:30.918" endtime="20220207 00:14:34.288"/>
</kw>
<kw name="Factory User Auth" library="Users">
<var>${user}</var>
<msg timestamp="20220207 00:14:34.289" level="INFO">${user} = {'name': 'Kennedy', 'lastname': 'Silva', 'email': 'kennedy@gmail.com', 'password': 'pwd123'}</msg>
<status status="PASS" starttime="20220207 00:14:34.289" endtime="20220207 00:14:34.289"/>
</kw>
<kw name="Go To Login Page" library="AuthActions">
<kw name="Go To" library="Browser">
<arg>${BASE_URL}</arg>
<tag>BrowserControl</tag>
<tag>Setter</tag>
<doc>Navigates to the given ``url``.</doc>
<msg timestamp="20220207 00:14:34.887" level="INFO">Successfully opened URL https://getgeeks-kennedy.herokuapp.com</msg>
<status status="PASS" starttime="20220207 00:14:34.290" endtime="20220207 00:14:34.887"/>
</kw>
<kw name="Wait For Elements State" library="Browser">
<arg>css=.login-form</arg>
<arg>visible</arg>
<arg>5</arg>
<tag>PageContent</tag>
<tag>Wait</tag>
<doc>Waits for the element found by ``selector`` to satisfy state option.</doc>
<msg timestamp="20220207 00:14:34.919" level="INFO">Waited for Element with selector css=.login-form at state visible</msg>
<status status="PASS" starttime="20220207 00:14:34.887" endtime="20220207 00:14:34.920"/>
</kw>
<status status="PASS" starttime="20220207 00:14:34.290" endtime="20220207 00:14:34.920"/>
</kw>
<kw name="Fill Credentials" library="AuthActions">
<arg>${user}</arg>
<kw name="Fill Text" library="Browser">
<arg>${INPUT_EMAIL}</arg>
<arg>${user}[email]</arg>
<tag>PageContent</tag>
<tag>Setter</tag>
<doc>Clears and fills the given ``txt`` into the text field found by ``selector``.</doc>
<msg timestamp="20220207 00:14:34.922" level="INFO">Fills the text 'kennedy@gmail.com' in the given field.</msg>
<status status="PASS" starttime="20220207 00:14:34.922" endtime="20220207 00:14:34.952"/>
</kw>
<kw name="Fill Text" library="Browser">
<arg>${INPUT_PASS}</arg>
<arg>${user}[password]</arg>
<tag>PageContent</tag>
<tag>Setter</tag>
<doc>Clears and fills the given ``txt`` into the text field found by ``selector``.</doc>
<msg timestamp="20220207 00:14:34.953" level="INFO">Fills the text 'pwd123' in the given field.</msg>
<status status="PASS" starttime="20220207 00:14:34.952" endtime="20220207 00:14:34.979"/>
</kw>
<status status="PASS" starttime="20220207 00:14:34.921" endtime="20220207 00:14:34.979"/>
</kw>
<kw name="Submit Credentials" library="AuthActions">
<kw name="Click" library="Browser">
<arg>css=.submit-button &gt;&gt; text=Entrar</arg>
<tag>PageContent</tag>
<tag>Setter</tag>
<doc>Simulates mouse click on the element found by ``selector``.</doc>
<status status="PASS" starttime="20220207 00:14:34.980" endtime="20220207 00:14:35.056"/>
</kw>
<status status="PASS" starttime="20220207 00:14:34.980" endtime="20220207 00:14:35.057"/>
</kw>
<kw name="User Should Be Logged In" library="AuthActions">
<arg>${user}</arg>
<kw name="Set Variable" library="BuiltIn">
<var>${element}</var>
<arg>css=a[href="/profile"]</arg>
<doc>Returns the given values which can then be assigned to a variables.</doc>
<msg timestamp="20220207 00:14:35.058" level="INFO">${element} = css=a[href="/profile"]</msg>
<status status="PASS" starttime="20220207 00:14:35.058" endtime="20220207 00:14:35.058"/>
</kw>
<kw name="Set Variable" library="BuiltIn">
<var>${expected_fullname}</var>
<arg>${user}[name] ${user}[lastname]</arg>
<doc>Returns the given values which can then be assigned to a variables.</doc>
<msg timestamp="20220207 00:14:35.059" level="INFO">${expected_fullname} = Kennedy Silva</msg>
<status status="PASS" starttime="20220207 00:14:35.059" endtime="20220207 00:14:35.059"/>
</kw>
<kw name="Wait For Elements State" library="Browser">
<arg>${element}</arg>
<arg>visible</arg>
<arg>5</arg>
<tag>PageContent</tag>
<tag>Wait</tag>
<doc>Waits for the element found by ``selector`` to satisfy state option.</doc>
<msg timestamp="20220207 00:14:36.012" level="INFO">Waited for Element with selector css=a[href="/profile"] at state visible</msg>
<status status="PASS" starttime="20220207 00:14:35.060" endtime="20220207 00:14:36.012"/>
</kw>
<kw name="Get Text" library="Browser">
<arg>${element}</arg>
<arg>equal</arg>
<arg>${expected_fullname}</arg>
<tag>Assertion</tag>
<tag>Getter</tag>
<tag>PageContent</tag>
<doc>Returns text attribute of the element found by ``selector``.</doc>
<status status="PASS" starttime="20220207 00:14:36.012" endtime="20220207 00:14:36.040"/>
</kw>
<status status="PASS" starttime="20220207 00:14:35.058" endtime="20220207 00:14:36.041"/>
</kw>
<kw name="Finish Session" library="Base" type="TEARDOWN">
<kw name="Take Screenshot" library="Browser">
<tag>PageContent</tag>
<doc>Takes a screenshot of the current window or element and saves it to disk.</doc>
<msg timestamp="20220207 00:14:36.196" level="INFO" html="true">&lt;/td&gt;&lt;/tr&gt;&lt;tr&gt;&lt;td colspan="3"&gt;&lt;a href="browser/screenshot/robotframework-browser-screenshot-1.png"&gt;&lt;img src="browser/screenshot/robotframework-browser-screenshot-1.png" width="800px"&gt;&lt;/a&gt;</msg>
<status status="PASS" starttime="20220207 00:14:36.042" endtime="20220207 00:14:36.196"/>
</kw>
<status status="PASS" starttime="20220207 00:14:36.042" endtime="20220207 00:14:36.196"/>
</kw>
<status status="PASS" starttime="20220207 00:14:30.915" endtime="20220207 00:14:36.197"/>
</test>
<test id="s1-s1-t2" name="Incorrect Pass">
<kw name="Start Session" library="Base" type="SETUP">
<kw name="New Browser" library="Browser">
<arg>chromium</arg>
<arg>headless=False</arg>
<arg>slowMo=00:00:00</arg>
<tag>BrowserControl</tag>
<tag>Setter</tag>
<doc>Create a new playwright Browser with specified options.</doc>
<msg timestamp="20220207 00:14:36.292" level="INFO">{"browser": "chromium", "headless": false, "handleSIGINT": true, "handleSIGTERM": true, "handleSIGHUP": true, "timeout": 30000.0, "devtools": false, "slowMo": 0.0, "tracesDir": "C:\\GravidadeZERO\\getgeeks\\project\\logs\\browser\\traces\\9b09149a-abf5-4e3a-8b22-41e3013125c2"}</msg>
<msg timestamp="20220207 00:14:37.327" level="INFO">Successfully created browser with options: {"browser":"chromium","headless":false,"handleSIGINT":true,"handleSIGTERM":true,"handleSIGHUP":true,"timeout":30000,"devtools":false,"slowMo":0,"tracesDir":"C:\\GravidadeZERO\\getgeeks\\project\\logs\\browser\\traces\\9b09149a-abf5-4e3a-8b22-41e3013125c2"}</msg>
<status status="PASS" starttime="20220207 00:14:36.291" endtime="20220207 00:14:37.327"/>
</kw>
<kw name="New Page" library="Browser">
<arg>${BASE_URL}</arg>
<tag>BrowserControl</tag>
<tag>Setter</tag>
<doc>Open a new Page.</doc>
<msg timestamp="20220207 00:14:39.868" level="INFO">Successfully initialized new page object and opened url: https://getgeeks-kennedy.herokuapp.com</msg>
<msg timestamp="20220207 00:14:39.868" level="INFO">No context was open. New context was automatically opened when this page is created.</msg>
<status status="PASS" starttime="20220207 00:14:37.327" endtime="20220207 00:14:39.868"/>
</kw>
<status status="PASS" starttime="20220207 00:14:36.290" endtime="20220207 00:14:39.869"/>
</kw>
<kw name="Create Dictionary" library="BuiltIn">
<var>${user}</var>
<arg>email=kennedy@gmail.com</arg>
<arg>password=abc123</arg>
<doc>Creates and returns a dictionary based on the given ``items``.</doc>
<msg timestamp="20220207 00:14:39.870" level="INFO">${user} = {'email': 'kennedy@gmail.com', 'password': 'abc123'}</msg>
<status status="PASS" starttime="20220207 00:14:39.870" endtime="20220207 00:14:39.870"/>
</kw>
<kw name="Go To Login Page" library="AuthActions">
<kw name="Go To" library="Browser">
<arg>${BASE_URL}</arg>
<tag>BrowserControl</tag>
<tag>Setter</tag>
<doc>Navigates to the given ``url``.</doc>
<msg timestamp="20220207 00:14:40.479" level="INFO">Successfully opened URL https://getgeeks-kennedy.herokuapp.com</msg>
<status status="PASS" starttime="20220207 00:14:39.871" endtime="20220207 00:14:40.479"/>
</kw>
<kw name="Wait For Elements State" library="Browser">
<arg>css=.login-form</arg>
<arg>visible</arg>
<arg>5</arg>
<tag>PageContent</tag>
<tag>Wait</tag>
<doc>Waits for the element found by ``selector`` to satisfy state option.</doc>
<msg timestamp="20220207 00:14:40.507" level="INFO">Waited for Element with selector css=.login-form at state visible</msg>
<status status="PASS" starttime="20220207 00:14:40.480" endtime="20220207 00:14:40.507"/>
</kw>
<status status="PASS" starttime="20220207 00:14:39.871" endtime="20220207 00:14:40.507"/>
</kw>
<kw name="Fill Credentials" library="AuthActions">
<arg>${user}</arg>
<kw name="Fill Text" library="Browser">
<arg>${INPUT_EMAIL}</arg>
<arg>${user}[email]</arg>
<tag>PageContent</tag>
<tag>Setter</tag>
<doc>Clears and fills the given ``txt`` into the text field found by ``selector``.</doc>
<msg timestamp="20220207 00:14:40.509" level="INFO">Fills the text 'kennedy@gmail.com' in the given field.</msg>
<status status="PASS" starttime="20220207 00:14:40.508" endtime="20220207 00:14:40.536"/>
</kw>
<kw name="Fill Text" library="Browser">
<arg>${INPUT_PASS}</arg>
<arg>${user}[password]</arg>
<tag>PageContent</tag>
<tag>Setter</tag>
<doc>Clears and fills the given ``txt`` into the text field found by ``selector``.</doc>
<msg timestamp="20220207 00:14:40.536" level="INFO">Fills the text 'abc123' in the given field.</msg>
<status status="PASS" starttime="20220207 00:14:40.536" endtime="20220207 00:14:40.562"/>
</kw>
<status status="PASS" starttime="20220207 00:14:40.508" endtime="20220207 00:14:40.562"/>
</kw>
<kw name="Submit Credentials" library="AuthActions">
<kw name="Click" library="Browser">
<arg>css=.submit-button &gt;&gt; text=Entrar</arg>
<tag>PageContent</tag>
<tag>Setter</tag>
<doc>Simulates mouse click on the element found by ``selector``.</doc>
<status status="PASS" starttime="20220207 00:14:40.564" endtime="20220207 00:14:40.640"/>
</kw>
<status status="PASS" starttime="20220207 00:14:40.564" endtime="20220207 00:14:40.640"/>
</kw>
<kw name="Modal Content Should Be" library="_SharedActions">
<arg>Usuário e/ou senha inválidos.</arg>
<kw name="Set Variable" library="BuiltIn">
<var>${title}</var>
<arg>css=.swal2-title</arg>
<doc>Returns the given values which can then be assigned to a variables.</doc>
<msg timestamp="20220207 00:14:40.642" level="INFO">${title} = css=.swal2-title</msg>
<status status="PASS" starttime="20220207 00:14:40.642" endtime="20220207 00:14:40.642"/>
</kw>
<kw name="Set Variable" library="BuiltIn">
<var>${content}</var>
<arg>css=.swal2-html-container</arg>
<doc>Returns the given values which can then be assigned to a variables.</doc>
<msg timestamp="20220207 00:14:40.643" level="INFO">${content} = css=.swal2-html-container</msg>
<status status="PASS" starttime="20220207 00:14:40.642" endtime="20220207 00:14:40.643"/>
</kw>
<kw name="Wait For Elements State" library="Browser">
<arg>${title}</arg>
<arg>visible</arg>
<arg>5</arg>
<tag>PageContent</tag>
<tag>Wait</tag>
<doc>Waits for the element found by ``selector`` to satisfy state option.</doc>
<msg timestamp="20220207 00:14:41.612" level="INFO">Waited for Element with selector css=.swal2-title at state visible</msg>
<status status="PASS" starttime="20220207 00:14:40.643" endtime="20220207 00:14:41.612"/>
</kw>
<kw name="Get Text" library="Browser">
<arg>${title}</arg>
<arg>equal</arg>
<arg>Oops...</arg>
<tag>Assertion</tag>
<tag>Getter</tag>
<tag>PageContent</tag>
<doc>Returns text attribute of the element found by ``selector``.</doc>
<status status="PASS" starttime="20220207 00:14:41.612" endtime="20220207 00:14:41.641"/>
</kw>
<kw name="Wait For Elements State" library="Browser">
<arg>${content}</arg>
<arg>visible</arg>
<arg>5</arg>
<tag>PageContent</tag>
<tag>Wait</tag>
<doc>Waits for the element found by ``selector`` to satisfy state option.</doc>
<msg timestamp="20220207 00:14:41.654" level="INFO">Waited for Element with selector css=.swal2-html-container at state visible</msg>
<status status="PASS" starttime="20220207 00:14:41.641" endtime="20220207 00:14:41.654"/>
</kw>
<kw name="Get Text" library="Browser">
<arg>${content}</arg>
<arg>equal</arg>
<arg>${expected_text}</arg>
<tag>Assertion</tag>
<tag>Getter</tag>
<tag>PageContent</tag>
<doc>Returns text attribute of the element found by ``selector``.</doc>
<status status="PASS" starttime="20220207 00:14:41.654" endtime="20220207 00:14:41.676"/>
</kw>
<status status="PASS" starttime="20220207 00:14:40.641" endtime="20220207 00:14:41.676"/>
</kw>
<kw name="Finish Session" library="Base" type="TEARDOWN">
<kw name="Take Screenshot" library="Browser">
<tag>PageContent</tag>
<doc>Takes a screenshot of the current window or element and saves it to disk.</doc>
<msg timestamp="20220207 00:14:41.999" level="INFO" html="true">&lt;/td&gt;&lt;/tr&gt;&lt;tr&gt;&lt;td colspan="3"&gt;&lt;a href="browser/screenshot/robotframework-browser-screenshot-2.png"&gt;&lt;img src="browser/screenshot/robotframework-browser-screenshot-2.png" width="800px"&gt;&lt;/a&gt;</msg>
<status status="PASS" starttime="20220207 00:14:41.678" endtime="20220207 00:14:42.000"/>
</kw>
<status status="PASS" starttime="20220207 00:14:41.677" endtime="20220207 00:14:42.000"/>
</kw>
<tag>i_pass</tag>
<status status="PASS" starttime="20220207 00:14:36.285" endtime="20220207 00:14:42.001"/>
</test>
<test id="s1-s1-t3" name="User Not Found">
<kw name="Start Session" library="Base" type="SETUP">
<kw name="New Browser" library="Browser">
<arg>chromium</arg>
<arg>headless=False</arg>
<arg>slowMo=00:00:00</arg>
<tag>BrowserControl</tag>
<tag>Setter</tag>
<doc>Create a new playwright Browser with specified options.</doc>
<msg timestamp="20220207 00:14:42.100" level="INFO">{"browser": "chromium", "headless": false, "handleSIGINT": true, "handleSIGTERM": true, "handleSIGHUP": true, "timeout": 30000.0, "devtools": false, "slowMo": 0.0, "tracesDir": "C:\\GravidadeZERO\\getgeeks\\project\\logs\\browser\\traces\\6cd11c06-23ae-4557-a771-360dc343c2e7"}</msg>
<msg timestamp="20220207 00:14:43.235" level="INFO">Successfully created browser with options: {"browser":"chromium","headless":false,"handleSIGINT":true,"handleSIGTERM":true,"handleSIGHUP":true,"timeout":30000,"devtools":false,"slowMo":0,"tracesDir":"C:\\GravidadeZERO\\getgeeks\\project\\logs\\browser\\traces\\6cd11c06-23ae-4557-a771-360dc343c2e7"}</msg>
<status status="PASS" starttime="20220207 00:14:42.099" endtime="20220207 00:14:43.236"/>
</kw>
<kw name="New Page" library="Browser">
<arg>${BASE_URL}</arg>
<tag>BrowserControl</tag>
<tag>Setter</tag>
<doc>Open a new Page.</doc>
<msg timestamp="20220207 00:14:45.972" level="INFO">Successfully initialized new page object and opened url: https://getgeeks-kennedy.herokuapp.com</msg>
<msg timestamp="20220207 00:14:45.972" level="INFO">No context was open. New context was automatically opened when this page is created.</msg>
<status status="PASS" starttime="20220207 00:14:43.236" endtime="20220207 00:14:45.972"/>
</kw>
<status status="PASS" starttime="20220207 00:14:42.098" endtime="20220207 00:14:45.972"/>
</kw>
<kw name="Create Dictionary" library="BuiltIn">
<var>${user}</var>
<arg>email=kevin@gmail.com</arg>
<arg>password=abc123</arg>
<doc>Creates and returns a dictionary based on the given ``items``.</doc>
<msg timestamp="20220207 00:14:45.974" level="INFO">${user} = {'email': 'kevin@gmail.com', 'password': 'abc123'}</msg>
<status status="PASS" starttime="20220207 00:14:45.973" endtime="20220207 00:14:45.974"/>
</kw>
<kw name="Go To Login Page" library="AuthActions">
<kw name="Go To" library="Browser">
<arg>${BASE_URL}</arg>
<tag>BrowserControl</tag>
<tag>Setter</tag>
<doc>Navigates to the given ``url``.</doc>
<msg timestamp="20220207 00:14:46.603" level="INFO">Successfully opened URL https://getgeeks-kennedy.herokuapp.com</msg>
<status status="PASS" starttime="20220207 00:14:45.975" endtime="20220207 00:14:46.603"/>
</kw>
<kw name="Wait For Elements State" library="Browser">
<arg>css=.login-form</arg>
<arg>visible</arg>
<arg>5</arg>
<tag>PageContent</tag>
<tag>Wait</tag>
<doc>Waits for the element found by ``selector`` to satisfy state option.</doc>
<msg timestamp="20220207 00:14:46.630" level="INFO">Waited for Element with selector css=.login-form at state visible</msg>
<status status="PASS" starttime="20220207 00:14:46.604" endtime="20220207 00:14:46.630"/>
</kw>
<status status="PASS" starttime="20220207 00:14:45.974" endtime="20220207 00:14:46.630"/>
</kw>
<kw name="Fill Credentials" library="AuthActions">
<arg>${user}</arg>
<kw name="Fill Text" library="Browser">
<arg>${INPUT_EMAIL}</arg>
<arg>${user}[email]</arg>
<tag>PageContent</tag>
<tag>Setter</tag>
<doc>Clears and fills the given ``txt`` into the text field found by ``selector``.</doc>
<msg timestamp="20220207 00:14:46.632" level="INFO">Fills the text 'kevin@gmail.com' in the given field.</msg>
<status status="PASS" starttime="20220207 00:14:46.632" endtime="20220207 00:14:46.658"/>
</kw>
<kw name="Fill Text" library="Browser">
<arg>${INPUT_PASS}</arg>
<arg>${user}[password]</arg>
<tag>PageContent</tag>
<tag>Setter</tag>
<doc>Clears and fills the given ``txt`` into the text field found by ``selector``.</doc>
<msg timestamp="20220207 00:14:46.659" level="INFO">Fills the text 'abc123' in the given field.</msg>
<status status="PASS" starttime="20220207 00:14:46.659" endtime="20220207 00:14:46.684"/>
</kw>
<status status="PASS" starttime="20220207 00:14:46.631" endtime="20220207 00:14:46.684"/>
</kw>
<kw name="Submit Credentials" library="AuthActions">
<kw name="Click" library="Browser">
<arg>css=.submit-button &gt;&gt; text=Entrar</arg>
<tag>PageContent</tag>
<tag>Setter</tag>
<doc>Simulates mouse click on the element found by ``selector``.</doc>
<status status="PASS" starttime="20220207 00:14:46.686" endtime="20220207 00:14:46.754"/>
</kw>
<status status="PASS" starttime="20220207 00:14:46.685" endtime="20220207 00:14:46.754"/>
</kw>
<kw name="Modal Content Should Be" library="_SharedActions">
<arg>Usuário e/ou senha inválidos.</arg>
<kw name="Set Variable" library="BuiltIn">
<var>${title}</var>
<arg>css=.swal2-title</arg>
<doc>Returns the given values which can then be assigned to a variables.</doc>
<msg timestamp="20220207 00:14:46.756" level="INFO">${title} = css=.swal2-title</msg>
<status status="PASS" starttime="20220207 00:14:46.756" endtime="20220207 00:14:46.756"/>
</kw>
<kw name="Set Variable" library="BuiltIn">
<var>${content}</var>
<arg>css=.swal2-html-container</arg>
<doc>Returns the given values which can then be assigned to a variables.</doc>
<msg timestamp="20220207 00:14:46.757" level="INFO">${content} = css=.swal2-html-container</msg>
<status status="PASS" starttime="20220207 00:14:46.757" endtime="20220207 00:14:46.757"/>
</kw>
<kw name="Wait For Elements State" library="Browser">
<arg>${title}</arg>
<arg>visible</arg>
<arg>5</arg>
<tag>PageContent</tag>
<tag>Wait</tag>
<doc>Waits for the element found by ``selector`` to satisfy state option.</doc>
<msg timestamp="20220207 00:14:47.707" level="INFO">Waited for Element with selector css=.swal2-title at state visible</msg>
<status status="PASS" starttime="20220207 00:14:46.757" endtime="20220207 00:14:47.707"/>
</kw>
<kw name="Get Text" library="Browser">
<arg>${title}</arg>
<arg>equal</arg>
<arg>Oops...</arg>
<tag>Assertion</tag>
<tag>Getter</tag>
<tag>PageContent</tag>
<doc>Returns text attribute of the element found by ``selector``.</doc>
<status status="PASS" starttime="20220207 00:14:47.707" endtime="20220207 00:14:47.738"/>
</kw>
<kw name="Wait For Elements State" library="Browser">
<arg>${content}</arg>
<arg>visible</arg>
<arg>5</arg>
<tag>PageContent</tag>
<tag>Wait</tag>
<doc>Waits for the element found by ``selector`` to satisfy state option.</doc>
<msg timestamp="20220207 00:14:47.748" level="INFO">Waited for Element with selector css=.swal2-html-container at state visible</msg>
<status status="PASS" starttime="20220207 00:14:47.738" endtime="20220207 00:14:47.749"/>
</kw>
<kw name="Get Text" library="Browser">
<arg>${content}</arg>
<arg>equal</arg>
<arg>${expected_text}</arg>
<tag>Assertion</tag>
<tag>Getter</tag>
<tag>PageContent</tag>
<doc>Returns text attribute of the element found by ``selector``.</doc>
<status status="PASS" starttime="20220207 00:14:47.749" endtime="20220207 00:14:47.773"/>
</kw>
<status status="PASS" starttime="20220207 00:14:46.756" endtime="20220207 00:14:47.773"/>
</kw>
<kw name="Finish Session" library="Base" type="TEARDOWN">
<kw name="Take Screenshot" library="Browser">
<tag>PageContent</tag>
<doc>Takes a screenshot of the current window or element and saves it to disk.</doc>
<msg timestamp="20220207 00:14:48.029" level="INFO" html="true">&lt;/td&gt;&lt;/tr&gt;&lt;tr&gt;&lt;td colspan="3"&gt;&lt;a href="browser/screenshot/robotframework-browser-screenshot-3.png"&gt;&lt;img src="browser/screenshot/robotframework-browser-screenshot-3.png" width="800px"&gt;&lt;/a&gt;</msg>
<status status="PASS" starttime="20220207 00:14:47.774" endtime="20220207 00:14:48.029"/>
</kw>
<status status="PASS" starttime="20220207 00:14:47.774" endtime="20220207 00:14:48.029"/>
</kw>
<tag>user_404</tag>
<status status="PASS" starttime="20220207 00:14:42.093" endtime="20220207 00:14:48.030"/>
</test>
<test id="s1-s1-t4" name="Incorrect Email">
<kw name="Start Session" library="Base" type="SETUP">
<kw name="New Browser" library="Browser">
<arg>chromium</arg>
<arg>headless=False</arg>
<arg>slowMo=00:00:00</arg>
<tag>BrowserControl</tag>
<tag>Setter</tag>
<doc>Create a new playwright Browser with specified options.</doc>
<msg timestamp="20220207 00:14:48.128" level="INFO">{"browser": "chromium", "headless": false, "handleSIGINT": true, "handleSIGTERM": true, "handleSIGHUP": true, "timeout": 30000.0, "devtools": false, "slowMo": 0.0, "tracesDir": "C:\\GravidadeZERO\\getgeeks\\project\\logs\\browser\\traces\\b5c1bba1-4b7e-4c20-bd2e-31abbca0b7a4"}</msg>
<msg timestamp="20220207 00:14:49.202" level="INFO">Successfully created browser with options: {"browser":"chromium","headless":false,"handleSIGINT":true,"handleSIGTERM":true,"handleSIGHUP":true,"timeout":30000,"devtools":false,"slowMo":0,"tracesDir":"C:\\GravidadeZERO\\getgeeks\\project\\logs\\browser\\traces\\b5c1bba1-4b7e-4c20-bd2e-31abbca0b7a4"}</msg>
<status status="PASS" starttime="20220207 00:14:48.127" endtime="20220207 00:14:49.202"/>
</kw>
<kw name="New Page" library="Browser">
<arg>${BASE_URL}</arg>
<tag>BrowserControl</tag>
<tag>Setter</tag>
<doc>Open a new Page.</doc>
<msg timestamp="20220207 00:14:51.890" level="INFO">Successfully initialized new page object and opened url: https://getgeeks-kennedy.herokuapp.com</msg>
<msg timestamp="20220207 00:14:51.890" level="INFO">No context was open. New context was automatically opened when this page is created.</msg>
<status status="PASS" starttime="20220207 00:14:49.202" endtime="20220207 00:14:51.890"/>
</kw>
<status status="PASS" starttime="20220207 00:14:48.127" endtime="20220207 00:14:51.890"/>
</kw>
<kw name="Create Dictionary" library="BuiltIn">
<var>${user}</var>
<arg>email=kevin.com</arg>
<arg>password=abc123</arg>
<doc>Creates and returns a dictionary based on the given ``items``.</doc>
<msg timestamp="20220207 00:14:51.892" level="INFO">${user} = {'email': 'kevin.com', 'password': 'abc123'}</msg>
<status status="PASS" starttime="20220207 00:14:51.892" endtime="20220207 00:14:51.892"/>
</kw>
<kw name="Go To Login Page" library="AuthActions">
<kw name="Go To" library="Browser">
<arg>${BASE_URL}</arg>
<tag>BrowserControl</tag>
<tag>Setter</tag>
<doc>Navigates to the given ``url``.</doc>
<msg timestamp="20220207 00:14:52.498" level="INFO">Successfully opened URL https://getgeeks-kennedy.herokuapp.com</msg>
<status status="PASS" starttime="20220207 00:14:51.893" endtime="20220207 00:14:52.498"/>
</kw>
<kw name="Wait For Elements State" library="Browser">
<arg>css=.login-form</arg>
<arg>visible</arg>
<arg>5</arg>
<tag>PageContent</tag>
<tag>Wait</tag>
<doc>Waits for the element found by ``selector`` to satisfy state option.</doc>
<msg timestamp="20220207 00:14:52.525" level="INFO">Waited for Element with selector css=.login-form at state visible</msg>
<status status="PASS" starttime="20220207 00:14:52.498" endtime="20220207 00:14:52.525"/>
</kw>
<status status="PASS" starttime="20220207 00:14:51.893" endtime="20220207 00:14:52.525"/>
</kw>
<kw name="Fill Credentials" library="AuthActions">
<arg>${user}</arg>
<kw name="Fill Text" library="Browser">
<arg>${INPUT_EMAIL}</arg>
<arg>${user}[email]</arg>
<tag>PageContent</tag>
<tag>Setter</tag>
<doc>Clears and fills the given ``txt`` into the text field found by ``selector``.</doc>
<msg timestamp="20220207 00:14:52.527" level="INFO">Fills the text 'kevin.com' in the given field.</msg>
<status status="PASS" starttime="20220207 00:14:52.527" endtime="20220207 00:14:52.554"/>
</kw>
<kw name="Fill Text" library="Browser">
<arg>${INPUT_PASS}</arg>
<arg>${user}[password]</arg>
<tag>PageContent</tag>
<tag>Setter</tag>
<doc>Clears and fills the given ``txt`` into the text field found by ``selector``.</doc>
<msg timestamp="20220207 00:14:52.555" level="INFO">Fills the text 'abc123' in the given field.</msg>
<status status="PASS" starttime="20220207 00:14:52.554" endtime="20220207 00:14:52.578"/>
</kw>
<status status="PASS" starttime="20220207 00:14:52.526" endtime="20220207 00:14:52.578"/>
</kw>
<kw name="Submit Credentials" library="AuthActions">
<kw name="Click" library="Browser">
<arg>css=.submit-button &gt;&gt; text=Entrar</arg>
<tag>PageContent</tag>
<tag>Setter</tag>
<doc>Simulates mouse click on the element found by ``selector``.</doc>
<status status="PASS" starttime="20220207 00:14:52.580" endtime="20220207 00:14:52.646"/>
</kw>
<status status="PASS" starttime="20220207 00:14:52.579" endtime="20220207 00:14:52.646"/>
</kw>
<kw name="Should Be Type Email" library="AuthActions">
<kw name="Get Property" library="Browser">
<arg>${INPUT_EMAIL}</arg>
<arg>type</arg>
<arg>equal</arg>
<arg>email</arg>
<tag>Assertion</tag>
<tag>Getter</tag>
<tag>PageContent</tag>
<doc>Returns the ``property`` of the element found by ``selector``.</doc>
<status status="PASS" starttime="20220207 00:14:52.647" endtime="20220207 00:14:52.668"/>
</kw>
<status status="PASS" starttime="20220207 00:14:52.647" endtime="20220207 00:14:52.668"/>
</kw>
<kw name="Finish Session" library="Base" type="TEARDOWN">
<kw name="Take Screenshot" library="Browser">
<tag>PageContent</tag>
<doc>Takes a screenshot of the current window or element and saves it to disk.</doc>
<msg timestamp="20220207 00:14:53.107" level="INFO" html="true">&lt;/td&gt;&lt;/tr&gt;&lt;tr&gt;&lt;td colspan="3"&gt;&lt;a href="browser/screenshot/robotframework-browser-screenshot-4.png"&gt;&lt;img src="browser/screenshot/robotframework-browser-screenshot-4.png" width="800px"&gt;&lt;/a&gt;</msg>
<status status="PASS" starttime="20220207 00:14:52.670" endtime="20220207 00:14:53.107"/>
</kw>
<status status="PASS" starttime="20220207 00:14:52.669" endtime="20220207 00:14:53.107"/>
</kw>
<tag>i_email</tag>
<status status="PASS" starttime="20220207 00:14:48.123" endtime="20220207 00:14:53.108"/>
</test>
<test id="s1-s1-t5" name="Password is Required">
<kw name="Start Session" library="Base" type="SETUP">
<kw name="New Browser" library="Browser">
<arg>chromium</arg>
<arg>headless=False</arg>
<arg>slowMo=00:00:00</arg>
<tag>BrowserControl</tag>
<tag>Setter</tag>
<doc>Create a new playwright Browser with specified options.</doc>
<msg timestamp="20220207 00:14:53.204" level="INFO">{"browser": "chromium", "headless": false, "handleSIGINT": true, "handleSIGTERM": true, "handleSIGHUP": true, "timeout": 30000.0, "devtools": false, "slowMo": 0.0, "tracesDir": "C:\\GravidadeZERO\\getgeeks\\project\\logs\\browser\\traces\\a2076a98-a785-499e-8ab7-2b04baa024af"}</msg>
<msg timestamp="20220207 00:14:54.239" level="INFO">Successfully created browser with options: {"browser":"chromium","headless":false,"handleSIGINT":true,"handleSIGTERM":true,"handleSIGHUP":true,"timeout":30000,"devtools":false,"slowMo":0,"tracesDir":"C:\\GravidadeZERO\\getgeeks\\project\\logs\\browser\\traces\\a2076a98-a785-499e-8ab7-2b04baa024af"}</msg>
<status status="PASS" starttime="20220207 00:14:53.204" endtime="20220207 00:14:54.239"/>
</kw>
<kw name="New Page" library="Browser">
<arg>${BASE_URL}</arg>
<tag>BrowserControl</tag>
<tag>Setter</tag>
<doc>Open a new Page.</doc>
<msg timestamp="20220207 00:14:56.660" level="INFO">Successfully initialized new page object and opened url: https://getgeeks-kennedy.herokuapp.com</msg>
<msg timestamp="20220207 00:14:56.660" level="INFO">No context was open. New context was automatically opened when this page is created.</msg>
<status status="PASS" starttime="20220207 00:14:54.240" endtime="20220207 00:14:56.660"/>
</kw>
<status status="PASS" starttime="20220207 00:14:53.203" endtime="20220207 00:14:56.660"/>
</kw>
<kw name="Create Dictionary" library="BuiltIn">
<var>${user}</var>
<arg>email=kennedy@gmail.com</arg>
<arg>password=${EMPTY}</arg>
<doc>Creates and returns a dictionary based on the given ``items``.</doc>
<msg timestamp="20220207 00:14:56.663" level="INFO">${user} = {'email': 'kennedy@gmail.com', 'password': ''}</msg>
<status status="PASS" starttime="20220207 00:14:56.661" endtime="20220207 00:14:56.663"/>
</kw>
<kw name="Go To Login Page" library="AuthActions">
<kw name="Go To" library="Browser">
<arg>${BASE_URL}</arg>
<tag>BrowserControl</tag>
<tag>Setter</tag>
<doc>Navigates to the given ``url``.</doc>
<msg timestamp="20220207 00:14:57.230" level="INFO">Successfully opened URL https://getgeeks-kennedy.herokuapp.com</msg>
<status status="PASS" starttime="20220207 00:14:56.665" endtime="20220207 00:14:57.230"/>
</kw>
<kw name="Wait For Elements State" library="Browser">
<arg>css=.login-form</arg>
<arg>visible</arg>
<arg>5</arg>
<tag>PageContent</tag>
<tag>Wait</tag>
<doc>Waits for the element found by ``selector`` to satisfy state option.</doc>
<msg timestamp="20220207 00:14:57.258" level="INFO">Waited for Element with selector css=.login-form at state visible</msg>
<status status="PASS" starttime="20220207 00:14:57.231" endtime="20220207 00:14:57.258"/>
</kw>
<status status="PASS" starttime="20220207 00:14:56.664" endtime="20220207 00:14:57.258"/>
</kw>
<kw name="Fill Credentials" library="AuthActions">
<arg>${user}</arg>
<kw name="Fill Text" library="Browser">
<arg>${INPUT_EMAIL}</arg>
<arg>${user}[email]</arg>
<tag>PageContent</tag>
<tag>Setter</tag>
<doc>Clears and fills the given ``txt`` into the text field found by ``selector``.</doc>
<msg timestamp="20220207 00:14:57.260" level="INFO">Fills the text 'kennedy@gmail.com' in the given field.</msg>
<status status="PASS" starttime="20220207 00:14:57.260" endtime="20220207 00:14:57.290"/>
</kw>
<kw name="Fill Text" library="Browser">
<arg>${INPUT_PASS}</arg>
<arg>${user}[password]</arg>
<tag>PageContent</tag>
<tag>Setter</tag>
<doc>Clears and fills the given ``txt`` into the text field found by ``selector``.</doc>
<msg timestamp="20220207 00:14:57.291" level="INFO">Fills the text '' in the given field.</msg>
<status status="PASS" starttime="20220207 00:14:57.290" endtime="20220207 00:14:57.317"/>
</kw>
<status status="PASS" starttime="20220207 00:14:57.260" endtime="20220207 00:14:57.318"/>
</kw>
<kw name="Submit Credentials" library="AuthActions">
<kw name="Click" library="Browser">
<arg>css=.submit-button &gt;&gt; text=Entrar</arg>
<tag>PageContent</tag>
<tag>Setter</tag>
<doc>Simulates mouse click on the element found by ``selector``.</doc>
<status status="PASS" starttime="20220207 00:14:57.319" endtime="20220207 00:14:57.390"/>
</kw>
<status status="PASS" starttime="20220207 00:14:57.318" endtime="20220207 00:14:57.390"/>
</kw>
<kw name="Alert Span Should Be" library="_SharedActions">
<arg>Senha obrigatória</arg>
<kw name="Wait For Elements State" library="Browser">
<arg>css=span[class=error] &gt;&gt; text=${expected_alert}</arg>
<arg>visible</arg>
<arg>5</arg>
<tag>PageContent</tag>
<tag>Wait</tag>
<doc>Waits for the element found by ``selector`` to satisfy state option.</doc>
<msg timestamp="20220207 00:14:57.404" level="INFO">Waited for Element with selector css=span[class=error] &gt;&gt; text=Senha obrigatória at state visible</msg>
<status status="PASS" starttime="20220207 00:14:57.392" endtime="20220207 00:14:57.404"/>
</kw>
<status status="PASS" starttime="20220207 00:14:57.391" endtime="20220207 00:14:57.404"/>
</kw>
<kw name="Finish Session" library="Base" type="TEARDOWN">
<kw name="Take Screenshot" library="Browser">
<tag>PageContent</tag>
<doc>Takes a screenshot of the current window or element and saves it to disk.</doc>
<msg timestamp="20220207 00:14:57.664" level="INFO" html="true">&lt;/td&gt;&lt;/tr&gt;&lt;tr&gt;&lt;td colspan="3"&gt;&lt;a href="browser/screenshot/robotframework-browser-screenshot-5.png"&gt;&lt;img src="browser/screenshot/robotframework-browser-screenshot-5.png" width="800px"&gt;&lt;/a&gt;</msg>
<status status="PASS" starttime="20220207 00:14:57.406" endtime="20220207 00:14:57.664"/>
</kw>
<status status="PASS" starttime="20220207 00:14:57.405" endtime="20220207 00:14:57.664"/>
</kw>
<tag>attempt_auth</tag>
<tag>reqp</tag>
<status status="PASS" starttime="20220207 00:14:53.198" endtime="20220207 00:14:57.665"/>
</test>
<test id="s1-s1-t6" name="Email is Required">
<kw name="Start Session" library="Base" type="SETUP">
<kw name="New Browser" library="Browser">
<arg>chromium</arg>
<arg>headless=False</arg>
<arg>slowMo=00:00:00</arg>
<tag>BrowserControl</tag>
<tag>Setter</tag>
<doc>Create a new playwright Browser with specified options.</doc>
<msg timestamp="20220207 00:14:57.749" level="INFO">{"browser": "chromium", "headless": false, "handleSIGINT": true, "handleSIGTERM": true, "handleSIGHUP": true, "timeout": 30000.0, "devtools": false, "slowMo": 0.0, "tracesDir": "C:\\GravidadeZERO\\getgeeks\\project\\logs\\browser\\traces\\c5c9a6f9-a484-4d97-abec-d457b7443825"}</msg>
<msg timestamp="20220207 00:14:58.865" level="INFO">Successfully created browser with options: {"browser":"chromium","headless":false,"handleSIGINT":true,"handleSIGTERM":true,"handleSIGHUP":true,"timeout":30000,"devtools":false,"slowMo":0,"tracesDir":"C:\\GravidadeZERO\\getgeeks\\project\\logs\\browser\\traces\\c5c9a6f9-a484-4d97-abec-d457b7443825"}</msg>
<status status="PASS" starttime="20220207 00:14:57.747" endtime="20220207 00:14:58.865"/>
</kw>
<kw name="New Page" library="Browser">
<arg>${BASE_URL}</arg>
<tag>BrowserControl</tag>
<tag>Setter</tag>
<doc>Open a new Page.</doc>
<msg timestamp="20220207 00:15:01.550" level="INFO">Successfully initialized new page object and opened url: https://getgeeks-kennedy.herokuapp.com</msg>
<msg timestamp="20220207 00:15:01.550" level="INFO">No context was open. New context was automatically opened when this page is created.</msg>
<status status="PASS" starttime="20220207 00:14:58.865" endtime="20220207 00:15:01.550"/>
</kw>
<status status="PASS" starttime="20220207 00:14:57.747" endtime="20220207 00:15:01.550"/>
</kw>
<kw name="Create Dictionary" library="BuiltIn">
<var>${user}</var>
<arg>email=${EMPTY}</arg>
<arg>password=pwd123</arg>
<doc>Creates and returns a dictionary based on the given ``items``.</doc>
<msg timestamp="20220207 00:15:01.553" level="INFO">${user} = {'email': '', 'password': 'pwd123'}</msg>
<status status="PASS" starttime="20220207 00:15:01.552" endtime="20220207 00:15:01.553"/>
</kw>
<kw name="Go To Login Page" library="AuthActions">
<kw name="Go To" library="Browser">
<arg>${BASE_URL}</arg>
<tag>BrowserControl</tag>
<tag>Setter</tag>
<doc>Navigates to the given ``url``.</doc>
<msg timestamp="20220207 00:15:02.162" level="INFO">Successfully opened URL https://getgeeks-kennedy.herokuapp.com</msg>
<status status="PASS" starttime="20220207 00:15:01.555" endtime="20220207 00:15:02.162"/>
</kw>
<kw name="Wait For Elements State" library="Browser">
<arg>css=.login-form</arg>
<arg>visible</arg>
<arg>5</arg>
<tag>PageContent</tag>
<tag>Wait</tag>
<doc>Waits for the element found by ``selector`` to satisfy state option.</doc>
<msg timestamp="20220207 00:15:02.190" level="INFO">Waited for Element with selector css=.login-form at state visible</msg>
<status status="PASS" starttime="20220207 00:15:02.162" endtime="20220207 00:15:02.190"/>
</kw>
<status status="PASS" starttime="20220207 00:15:01.554" endtime="20220207 00:15:02.190"/>
</kw>
<kw name="Fill Credentials" library="AuthActions">
<arg>${user}</arg>
<kw name="Fill Text" library="Browser">
<arg>${INPUT_EMAIL}</arg>
<arg>${user}[email]</arg>
<tag>PageContent</tag>
<tag>Setter</tag>
<doc>Clears and fills the given ``txt`` into the text field found by ``selector``.</doc>
<msg timestamp="20220207 00:15:02.192" level="INFO">Fills the text '' in the given field.</msg>
<status status="PASS" starttime="20220207 00:15:02.191" endtime="20220207 00:15:02.211"/>
</kw>
<kw name="Fill Text" library="Browser">
<arg>${INPUT_PASS}</arg>
<arg>${user}[password]</arg>
<tag>PageContent</tag>
<tag>Setter</tag>
<doc>Clears and fills the given ``txt`` into the text field found by ``selector``.</doc>
<msg timestamp="20220207 00:15:02.211" level="INFO">Fills the text 'pwd123' in the given field.</msg>
<status status="PASS" starttime="20220207 00:15:02.211" endtime="20220207 00:15:02.237"/>
</kw>
<status status="PASS" starttime="20220207 00:15:02.191" endtime="20220207 00:15:02.237"/>
</kw>
<kw name="Submit Credentials" library="AuthActions">
<kw name="Click" library="Browser">
<arg>css=.submit-button &gt;&gt; text=Entrar</arg>
<tag>PageContent</tag>
<tag>Setter</tag>
<doc>Simulates mouse click on the element found by ``selector``.</doc>
<status status="PASS" starttime="20220207 00:15:02.239" endtime="20220207 00:15:02.317"/>
</kw>
<status status="PASS" starttime="20220207 00:15:02.238" endtime="20220207 00:15:02.317"/>
</kw>
<kw name="Alert Span Should Be" library="_SharedActions">
<arg>E-mail obrigatório</arg>
<kw name="Wait For Elements State" library="Browser">
<arg>css=span[class=error] &gt;&gt; text=${expected_alert}</arg>
<arg>visible</arg>
<arg>5</arg>
<tag>PageContent</tag>
<tag>Wait</tag>
<doc>Waits for the element found by ``selector`` to satisfy state option.</doc>
<msg timestamp="20220207 00:15:02.329" level="INFO">Waited for Element with selector css=span[class=error] &gt;&gt; text=E-mail obrigatório at state visible</msg>
<status status="PASS" starttime="20220207 00:15:02.319" endtime="20220207 00:15:02.329"/>
</kw>
<status status="PASS" starttime="20220207 00:15:02.319" endtime="20220207 00:15:02.329"/>
</kw>
<kw name="Finish Session" library="Base" type="TEARDOWN">
<kw name="Take Screenshot" library="Browser">
<tag>PageContent</tag>
<doc>Takes a screenshot of the current window or element and saves it to disk.</doc>
<msg timestamp="20220207 00:15:02.632" level="INFO" html="true">&lt;/td&gt;&lt;/tr&gt;&lt;tr&gt;&lt;td colspan="3"&gt;&lt;a href="browser/screenshot/robotframework-browser-screenshot-6.png"&gt;&lt;img src="browser/screenshot/robotframework-browser-screenshot-6.png" width="800px"&gt;&lt;/a&gt;</msg>
<status status="PASS" starttime="20220207 00:15:02.331" endtime="20220207 00:15:02.632"/>
</kw>
<status status="PASS" starttime="20220207 00:15:02.330" endtime="20220207 00:15:02.633"/>
</kw>
<tag>attempt_auth</tag>
<tag>reqe</tag>
<status status="PASS" starttime="20220207 00:14:57.742" endtime="20220207 00:15:02.633"/>
</test>
<test id="s1-s1-t7" name="Required Fields">
<kw name="Start Session" library="Base" type="SETUP">
<kw name="New Browser" library="Browser">
<arg>chromium</arg>
<arg>headless=False</arg>
<arg>slowMo=00:00:00</arg>
<tag>BrowserControl</tag>
<tag>Setter</tag>
<doc>Create a new playwright Browser with specified options.</doc>
<msg timestamp="20220207 00:15:02.727" level="INFO">{"browser": "chromium", "headless": false, "handleSIGINT": true, "handleSIGTERM": true, "handleSIGHUP": true, "timeout": 30000.0, "devtools": false, "slowMo": 0.0, "tracesDir": "C:\\GravidadeZERO\\getgeeks\\project\\logs\\browser\\traces\\773eee84-e458-42a1-b88a-20a606bb6ff6"}</msg>
<msg timestamp="20220207 00:15:03.819" level="INFO">Successfully created browser with options: {"browser":"chromium","headless":false,"handleSIGINT":true,"handleSIGTERM":true,"handleSIGHUP":true,"timeout":30000,"devtools":false,"slowMo":0,"tracesDir":"C:\\GravidadeZERO\\getgeeks\\project\\logs\\browser\\traces\\773eee84-e458-42a1-b88a-20a606bb6ff6"}</msg>
<status status="PASS" starttime="20220207 00:15:02.726" endtime="20220207 00:15:03.820"/>
</kw>
<kw name="New Page" library="Browser">
<arg>${BASE_URL}</arg>
<tag>BrowserControl</tag>
<tag>Setter</tag>
<doc>Open a new Page.</doc>
<msg timestamp="20220207 00:15:06.360" level="INFO">Successfully initialized new page object and opened url: https://getgeeks-kennedy.herokuapp.com</msg>
<msg timestamp="20220207 00:15:06.360" level="INFO">No context was open. New context was automatically opened when this page is created.</msg>
<status status="PASS" starttime="20220207 00:15:03.820" endtime="20220207 00:15:06.360"/>
</kw>
<status status="PASS" starttime="20220207 00:15:02.725" endtime="20220207 00:15:06.360"/>
</kw>
<kw name="Create List" library="BuiltIn">
<var>@{expected_alerts}</var>
<arg>E-mail obrigatório</arg>
<arg>Senha obrigatória</arg>
<doc>Returns a list containing given items.</doc>
<msg timestamp="20220207 00:15:06.362" level="INFO">@{expected_alerts} = [ E-mail obrigatório | Senha obrigatória ]</msg>
<status status="PASS" starttime="20220207 00:15:06.361" endtime="20220207 00:15:06.362"/>
</kw>
<kw name="Go To Login Page" library="AuthActions">
<kw name="Go To" library="Browser">
<arg>${BASE_URL}</arg>
<tag>BrowserControl</tag>
<tag>Setter</tag>
<doc>Navigates to the given ``url``.</doc>
<msg timestamp="20220207 00:15:06.998" level="INFO">Successfully opened URL https://getgeeks-kennedy.herokuapp.com</msg>
<status status="PASS" starttime="20220207 00:15:06.363" endtime="20220207 00:15:06.998"/>
</kw>
<kw name="Wait For Elements State" library="Browser">
<arg>css=.login-form</arg>
<arg>visible</arg>
<arg>5</arg>
<tag>PageContent</tag>
<tag>Wait</tag>
<doc>Waits for the element found by ``selector`` to satisfy state option.</doc>
<msg timestamp="20220207 00:15:07.026" level="INFO">Waited for Element with selector css=.login-form at state visible</msg>
<status status="PASS" starttime="20220207 00:15:06.998" endtime="20220207 00:15:07.026"/>
</kw>
<status status="PASS" starttime="20220207 00:15:06.362" endtime="20220207 00:15:07.026"/>
</kw>
<kw name="Submit Credentials" library="AuthActions">
<kw name="Click" library="Browser">
<arg>css=.submit-button &gt;&gt; text=Entrar</arg>
<tag>PageContent</tag>
<tag>Setter</tag>
<doc>Simulates mouse click on the element found by ``selector``.</doc>
<status status="PASS" starttime="20220207 00:15:07.028" endtime="20220207 00:15:07.080"/>
</kw>
<status status="PASS" starttime="20220207 00:15:07.027" endtime="20220207 00:15:07.080"/>
</kw>
<kw name="Alert Spans Should Be" library="_SharedActions">
<arg>${expected_alerts}</arg>
<kw name="Create List" library="BuiltIn">
<var>@{got_alerts}</var>
<doc>Returns a list containing given items.</doc>
<msg timestamp="20220207 00:15:07.082" level="INFO">@{got_alerts} = [ ]</msg>
<status status="PASS" starttime="20220207 00:15:07.082" endtime="20220207 00:15:07.083"/>
</kw>
<kw name="Get Elements" library="Browser">
<var>${spans}</var>
<arg>xpath=//span[@class="error"]</arg>
<tag>Getter</tag>
<tag>PageContent</tag>
<doc>Returns a reference to playwright element handle for all matched elements by ``selector``.</doc>
<msg timestamp="20220207 00:15:07.106" level="INFO">Found 2 Locators successfully.</msg>
<msg timestamp="20220207 00:15:07.107" level="INFO">${spans} = ['element=cee285ba-d59a-4004-acb7-82e481c00b1b', 'element=9008a63f-3248-4703-937e-7edaf1aefe7f']</msg>
<status status="PASS" starttime="20220207 00:15:07.083" endtime="20220207 00:15:07.107"/>
</kw>
<for flavor="IN">
<var>${span}</var>
<value>@{spans}</value>
<iter>
<var name="${span}">element=cee285ba-d59a-4004-acb7-82e481c00b1b</var>
<kw name="Get Text" library="Browser">
<var>${texT}</var>
<arg>${span}</arg>
<tag>Assertion</tag>
<tag>Getter</tag>
<tag>PageContent</tag>
<doc>Returns text attribute of the element found by ``selector``.</doc>
<msg timestamp="20220207 00:15:07.127" level="INFO">${texT} = E-mail obrigatório</msg>
<status status="PASS" starttime="20220207 00:15:07.107" endtime="20220207 00:15:07.127"/>
</kw>
<kw name="Append To List" library="Collections">
<arg>${got_alerts}</arg>
<arg>${text}</arg>
<doc>Adds ``values`` to the end of ``list``.</doc>
<status status="PASS" starttime="20220207 00:15:07.127" endtime="20220207 00:15:07.127"/>
</kw>
<status status="PASS" starttime="20220207 00:15:07.107" endtime="20220207 00:15:07.127"/>
</iter>
<iter>
<var name="${span}">element=9008a63f-3248-4703-937e-7edaf1aefe7f</var>
<kw name="Get Text" library="Browser">
<var>${texT}</var>
<arg>${span}</arg>
<tag>Assertion</tag>
<tag>Getter</tag>
<tag>PageContent</tag>
<doc>Returns text attribute of the element found by ``selector``.</doc>
<msg timestamp="20220207 00:15:07.144" level="INFO">${texT} = Senha obrigatória</msg>
<status status="PASS" starttime="20220207 00:15:07.128" endtime="20220207 00:15:07.144"/>
</kw>
<kw name="Append To List" library="Collections">
<arg>${got_alerts}</arg>
<arg>${text}</arg>
<doc>Adds ``values`` to the end of ``list``.</doc>
<status status="PASS" starttime="20220207 00:15:07.144" endtime="20220207 00:15:07.145"/>
</kw>
<status status="PASS" starttime="20220207 00:15:07.127" endtime="20220207 00:15:07.145"/>
</iter>
<status status="PASS" starttime="20220207 00:15:07.107" endtime="20220207 00:15:07.145"/>
</for>
<kw name="Lists Should Be Equal" library="Collections">
<arg>${expected_alerts}</arg>
<arg>${got_alerts}</arg>
<doc>Fails if given lists are unequal.</doc>
<status status="PASS" starttime="20220207 00:15:07.145" endtime="20220207 00:15:07.145"/>
</kw>
<status status="PASS" starttime="20220207 00:15:07.081" endtime="20220207 00:15:07.145"/>
</kw>
<kw name="Finish Session" library="Base" type="TEARDOWN">
<kw name="Take Screenshot" library="Browser">
<tag>PageContent</tag>
<doc>Takes a screenshot of the current window or element and saves it to disk.</doc>
<msg timestamp="20220207 00:15:07.460" level="INFO" html="true">&lt;/td&gt;&lt;/tr&gt;&lt;tr&gt;&lt;td colspan="3"&gt;&lt;a href="browser/screenshot/robotframework-browser-screenshot-7.png"&gt;&lt;img src="browser/screenshot/robotframework-browser-screenshot-7.png" width="800px"&gt;&lt;/a&gt;</msg>
<status status="PASS" starttime="20220207 00:15:07.147" endtime="20220207 00:15:07.460"/>
</kw>
<status status="PASS" starttime="20220207 00:15:07.146" endtime="20220207 00:15:07.460"/>
</kw>
<tag>attempt_auth reqa</tag>
<status status="PASS" starttime="20220207 00:15:02.722" endtime="20220207 00:15:07.461"/>
</test>
<doc>Authentication Test Suite</doc>
<status status="PASS" starttime="20220207 00:14:29.270" endtime="20220207 00:15:07.547"/>
</suite>
<suite id="s1-s2" name="Signup" source="C:\GravidadeZERO\getgeeks\project\tests\Signup.robot">
<test id="s1-s2-t1" name="Register a new user">
<kw name="Start Session" library="Base" type="SETUP">
<kw name="New Browser" library="Browser">
<arg>chromium</arg>
<arg>headless=False</arg>
<arg>slowMo=00:00:00</arg>
<tag>BrowserControl</tag>
<tag>Setter</tag>
<doc>Create a new playwright Browser with specified options.</doc>
<msg timestamp="20220207 00:15:07.586" level="INFO">{"browser": "chromium", "headless": false, "handleSIGINT": true, "handleSIGTERM": true, "handleSIGHUP": true, "timeout": 30000.0, "devtools": false, "slowMo": 0.0, "tracesDir": "C:\\GravidadeZERO\\getgeeks\\project\\logs\\browser\\traces\\83d2ff67-ef81-419f-a0cd-53878a014dc3"}</msg>
<msg timestamp="20220207 00:15:08.709" level="INFO">Successfully created browser with options: {"browser":"chromium","headless":false,"handleSIGINT":true,"handleSIGTERM":true,"handleSIGHUP":true,"timeout":30000,"devtools":false,"slowMo":0,"tracesDir":"C:\\GravidadeZERO\\getgeeks\\project\\logs\\browser\\traces\\83d2ff67-ef81-419f-a0cd-53878a014dc3"}</msg>
<status status="PASS" starttime="20220207 00:15:07.585" endtime="20220207 00:15:08.710"/>
</kw>
<kw name="New Page" library="Browser">
<arg>${BASE_URL}</arg>
<tag>BrowserControl</tag>
<tag>Setter</tag>
<doc>Open a new Page.</doc>
<msg timestamp="20220207 00:15:11.249" level="INFO">Successfully initialized new page object and opened url: https://getgeeks-kennedy.herokuapp.com</msg>
<msg timestamp="20220207 00:15:11.249" level="INFO">No context was open. New context was automatically opened when this page is created.</msg>
<status status="PASS" starttime="20220207 00:15:08.710" endtime="20220207 00:15:11.249"/>
</kw>
<status status="PASS" starttime="20220207 00:15:07.585" endtime="20220207 00:15:11.250"/>
</kw>
<kw name="Factory User" library="Users">
<var>${user}</var>
<msg timestamp="20220207 00:15:11.252" level="INFO">${user} = {'name': 'Jonathan', 'lastname': 'Thompson', 'email': 'eduardoandrews@hotmail.com', 'password': 'pwd123'}</msg>
<status status="PASS" starttime="20220207 00:15:11.251" endtime="20220207 00:15:11.252"/>
</kw>
<kw name="Go To Signup Form" library="SignupActions">
<kw name="Go To" library="Browser">
<arg>${BASE_URL}/signup</arg>
<tag>BrowserControl</tag>
<tag>Setter</tag>
<doc>Navigates to the given ``url``.</doc>
<msg timestamp="20220207 00:15:12.245" level="INFO">Successfully opened URL https://getgeeks-kennedy.herokuapp.com/signup</msg>
<status status="PASS" starttime="20220207 00:15:11.253" endtime="20220207 00:15:12.245"/>
</kw>
<kw name="Wait For Elements State" library="Browser">
<arg>css=.signup-form</arg>
<arg>visible</arg>
<arg>5</arg>
<tag>PageContent</tag>
<tag>Wait</tag>
<doc>Waits for the element found by ``selector`` to satisfy state option.</doc>
<msg timestamp="20220207 00:15:12.279" level="INFO">Waited for Element with selector css=.signup-form at state visible</msg>
<status status="PASS" starttime="20220207 00:15:12.246" endtime="20220207 00:15:12.279"/>
</kw>
<status status="PASS" starttime="20220207 00:15:11.252" endtime="20220207 00:15:12.279"/>
</kw>
<kw name="Fill Signup form" library="SignupActions">
<arg>${user}</arg>
<kw name="Fill Text" library="Browser">
<arg>id=name</arg>
<arg>${user}[name]</arg>
<tag>PageContent</tag>
<tag>Setter</tag>
<doc>Clears and fills the given ``txt`` into the text field found by ``selector``.</doc>
<msg timestamp="20220207 00:15:12.281" level="INFO">Fills the text 'Jonathan' in the given field.</msg>
<status status="PASS" starttime="20220207 00:15:12.281" endtime="20220207 00:15:12.307"/>
</kw>
<kw name="Fill Text" library="Browser">
<arg>id=lastname</arg>
<arg>${user}[lastname]</arg>
<tag>PageContent</tag>
<tag>Setter</tag>
<doc>Clears and fills the given ``txt`` into the text field found by ``selector``.</doc>
<msg timestamp="20220207 00:15:12.307" level="INFO">Fills the text 'Thompson' in the given field.</msg>
<status status="PASS" starttime="20220207 00:15:12.307" endtime="20220207 00:15:12.330"/>
</kw>
<kw name="Fill Text" library="Browser">
<arg>id=email</arg>
<arg>${user}[email]</arg>
<tag>PageContent</tag>
<tag>Setter</tag>
<doc>Clears and fills the given ``txt`` into the text field found by ``selector``.</doc>
<msg timestamp="20220207 00:15:12.331" level="INFO">Fills the text 'eduardoandrews@hotmail.com' in the given field.</msg>
<status status="PASS" starttime="20220207 00:15:12.330" endtime="20220207 00:15:12.353"/>
</kw>
<kw name="Fill Text" library="Browser">
<arg>id=password</arg>
<arg>${user}[password]</arg>
<tag>PageContent</tag>
<tag>Setter</tag>
<doc>Clears and fills the given ``txt`` into the text field found by ``selector``.</doc>
<msg timestamp="20220207 00:15:12.354" level="INFO">Fills the text 'pwd123' in the given field.</msg>
<status status="PASS" starttime="20220207 00:15:12.353" endtime="20220207 00:15:12.372"/>
</kw>
<status status="PASS" starttime="20220207 00:15:12.280" endtime="20220207 00:15:12.372"/>
</kw>
<kw name="Submit Signup Form" library="SignupActions">
<kw name="Click" library="Browser">
<arg>css=.submit-button &gt;&gt; text=Cadastrar</arg>
<tag>PageContent</tag>
<tag>Setter</tag>
<doc>Simulates mouse click on the element found by ``selector``.</doc>
<status status="PASS" starttime="20220207 00:15:12.373" endtime="20220207 00:15:12.453"/>
</kw>
<status status="PASS" starttime="20220207 00:15:12.373" endtime="20220207 00:15:12.453"/>
</kw>
<kw name="User Should Be Registered" library="SignupActions">
<kw name="Set Variable" library="BuiltIn">
<var>${expect_message}</var>
<arg>css=p &gt;&gt; text=Agora você faz parte da Getgeeks. Tenha uma ótima experiência.</arg>
<doc>Returns the given values which can then be assigned to a variables.</doc>
<msg timestamp="20220207 00:15:12.455" level="INFO">${expect_message} = css=p &gt;&gt; text=Agora você faz parte da Getgeeks. Tenha uma ótima experiência.</msg>
<status status="PASS" starttime="20220207 00:15:12.455" endtime="20220207 00:15:12.455"/>
</kw>
<kw name="Wait For Elements State" library="Browser">
<arg>${expect_message}</arg>
<arg>visible</arg>
<arg>5</arg>
<tag>PageContent</tag>
<tag>Wait</tag>
<doc>Waits for the element found by ``selector`` to satisfy state option.</doc>
<msg timestamp="20220207 00:15:13.445" level="INFO">Waited for Element with selector css=p &gt;&gt; text=Agora você faz parte da Getgeeks. Tenha uma ótima experiência. at state visible</msg>
<status status="PASS" starttime="20220207 00:15:12.455" endtime="20220207 00:15:13.445"/>
</kw>
<status status="PASS" starttime="20220207 00:15:12.455" endtime="20220207 00:15:13.445"/>
</kw>
<kw name="Finish Session" library="Base" type="TEARDOWN">
<kw name="Take Screenshot" library="Browser">
<tag>PageContent</tag>
<doc>Takes a screenshot of the current window or element and saves it to disk.</doc>
<msg timestamp="20220207 00:15:13.572" level="INFO" html="true">&lt;/td&gt;&lt;/tr&gt;&lt;tr&gt;&lt;td colspan="3"&gt;&lt;a href="browser/screenshot/robotframework-browser-screenshot-8.png"&gt;&lt;img src="browser/screenshot/robotframework-browser-screenshot-8.png" width="800px"&gt;&lt;/a&gt;</msg>
<status status="PASS" starttime="20220207 00:15:13.447" endtime="20220207 00:15:13.572"/>
</kw>
<status status="PASS" starttime="20220207 00:15:13.447" endtime="20220207 00:15:13.572"/>
</kw>
<status status="PASS" starttime="20220207 00:15:07.581" endtime="20220207 00:15:13.573"/>
</test>
<test id="s1-s2-t2" name="Duplicate user">
<kw name="Start Session" library="Base" type="SETUP">
<kw name="New Browser" library="Browser">
<arg>chromium</arg>
<arg>headless=False</arg>
<arg>slowMo=00:00:00</arg>
<tag>BrowserControl</tag>
<tag>Setter</tag>
<doc>Create a new playwright Browser with specified options.</doc>
<msg timestamp="20220207 00:15:13.680" level="INFO">{"browser": "chromium", "headless": false, "handleSIGINT": true, "handleSIGTERM": true, "handleSIGHUP": true, "timeout": 30000.0, "devtools": false, "slowMo": 0.0, "tracesDir": "C:\\GravidadeZERO\\getgeeks\\project\\logs\\browser\\traces\\dcf4ac3f-3fa6-4001-bd0f-4cd2c024f033"}</msg>
<msg timestamp="20220207 00:15:14.951" level="INFO">Successfully created browser with options: {"browser":"chromium","headless":false,"handleSIGINT":true,"handleSIGTERM":true,"handleSIGHUP":true,"timeout":30000,"devtools":false,"slowMo":0,"tracesDir":"C:\\GravidadeZERO\\getgeeks\\project\\logs\\browser\\traces\\dcf4ac3f-3fa6-4001-bd0f-4cd2c024f033"}</msg>
<status status="PASS" starttime="20220207 00:15:13.679" endtime="20220207 00:15:14.952"/>
</kw>
<kw name="New Page" library="Browser">
<arg>${BASE_URL}</arg>
<tag>BrowserControl</tag>
<tag>Setter</tag>
<doc>Open a new Page.</doc>
<msg timestamp="20220207 00:15:17.423" level="INFO">Successfully initialized new page object and opened url: https://getgeeks-kennedy.herokuapp.com</msg>
<msg timestamp="20220207 00:15:17.423" level="INFO">No context was open. New context was automatically opened when this page is created.</msg>
<status status="PASS" starttime="20220207 00:15:14.952" endtime="20220207 00:15:17.423"/>
</kw>
<status status="PASS" starttime="20220207 00:15:13.678" endtime="20220207 00:15:17.424"/>
</kw>
<kw name="Factory User" library="Users">
<var>${user}</var>
<msg timestamp="20220207 00:15:17.426" level="INFO">${user} = {'name': 'Benjamin', 'lastname': 'Terrell', 'email': 'amy50@hotmail.com', 'password': 'pwd123'}</msg>
<status status="PASS" starttime="20220207 00:15:17.425" endtime="20220207 00:15:17.426"/>
</kw>
<kw name="Add User From Database" library="Helpers">
<arg>${user}</arg>
<kw name="Connect To Postgres" library="Database">
<kw name="Connect To Database" library="DatabaseLibrary">
<arg>psycopg2</arg>
<arg>lkkxdeha</arg>
<arg>lkkxdeha</arg>
<arg>oPBFNGUN8mYtcaNZ5MiEGQFGNX-oVey7</arg>
<arg>ziggy.db.elephantsql.com</arg>
<arg>5432</arg>
<doc>Loads the DB API 2.0 module given `dbapiModuleName` then uses it to
connect to the database using `dbName`, `dbUsername`, and `dbPassword`.</doc>
<msg timestamp="20220207 00:15:17.447" level="INFO">Connecting using : psycopg2.connect(database=lkkxdeha, user=lkkxdeha, password=oPBFNGUN8mYtcaNZ5MiEGQFGNX-oVey7, host=ziggy.db.elephantsql.com, port=5432) </msg>
<status status="PASS" starttime="20220207 00:15:17.427" endtime="20220207 00:15:18.500"/>
</kw>
<status status="PASS" starttime="20220207 00:15:17.427" endtime="20220207 00:15:18.500"/>
</kw>
<kw name="Insert User" library="Database">
<arg>${user}</arg>
<kw name="Get Hashed Pass" library="Users">
<var>${hashed_pass}</var>
<arg>${u}[password]</arg>
<msg timestamp="20220207 00:15:18.520" level="INFO">${hashed_pass} = $2b$08$lOEUOjfCfKkkikcN6jiRE.Dc/DWtjwXDCIiF8fYrTJR7i2CTxUGVa</msg>
<status status="PASS" starttime="20220207 00:15:18.501" endtime="20220207 00:15:18.520"/>
</kw>
<kw name="Set Variable" library="BuiltIn">
<var>${q}</var>
<arg>INSERT INTO public.users (name, email, password_hash, is_geek) values ('${u}[name] ${u}[lastname]','${u}[email]','${hashed_pass}', false);</arg>
<doc>Returns the given values which can then be assigned to a variables.</doc>
<msg timestamp="20220207 00:15:18.521" level="INFO">${q} = INSERT INTO public.users (name, email, password_hash, is_geek) values ('Benjamin Terrell','amy50@hotmail.com','$2b$08$lOEUOjfCfKkkikcN6jiRE.Dc/DWtjwXDCIiF8fYrTJR7i2CTxUGVa', false);</msg>
<status status="PASS" starttime="20220207 00:15:18.520" endtime="20220207 00:15:18.521"/>
</kw>
<kw name="Execute Sql String" library="DatabaseLibrary">
<arg>${q}</arg>
<doc>Executes the sqlString as SQL commands. Useful to pass arguments to your sql. Set optional input `sansTran` to
True to run command without an explicit transaction commit or rollback.</doc>
<msg timestamp="20220207 00:15:18.521" level="INFO">Executing : Execute SQL String  |  INSERT INTO public.users (name, email, password_hash, is_geek) values ('Benjamin Terrell','amy50@hotmail.com','$2b$08$lOEUOjfCfKkkikcN6jiRE.Dc/DWtjwXDCIiF8fYrTJR7i2CTxUGVa', false); </msg>
<status status="PASS" starttime="20220207 00:15:18.521" endtime="20220207 00:15:19.015"/>
</kw>
<status status="PASS" starttime="20220207 00:15:18.500" endtime="20220207 00:15:19.015"/>
</kw>
<kw name="Disconnect From Database" library="DatabaseLibrary">
<doc>Disconnects from the database.</doc>
<msg timestamp="20220207 00:15:19.016" level="INFO">Executing : Disconnect From Database</msg>
<status status="PASS" starttime="20220207 00:15:19.016" endtime="20220207 00:15:19.016"/>
</kw>
<status status="PASS" starttime="20220207 00:15:17.426" endtime="20220207 00:15:19.016"/>
</kw>
<kw name="Go To Signup Form" library="SignupActions">
<kw name="Go To" library="Browser">
<arg>${BASE_URL}/signup</arg>
<tag>BrowserControl</tag>
<tag>Setter</tag>
<doc>Navigates to the given ``url``.</doc>
<msg timestamp="20220207 00:15:19.979" level="INFO">Successfully opened URL https://getgeeks-kennedy.herokuapp.com/signup</msg>
<status status="PASS" starttime="20220207 00:15:19.018" endtime="20220207 00:15:19.979"/>
</kw>
<kw name="Wait For Elements State" library="Browser">
<arg>css=.signup-form</arg>
<arg>visible</arg>
<arg>5</arg>
<tag>PageContent</tag>
<tag>Wait</tag>
<doc>Waits for the element found by ``selector`` to satisfy state option.</doc>
<msg timestamp="20220207 00:15:20.009" level="INFO">Waited for Element with selector css=.signup-form at state visible</msg>
<status status="PASS" starttime="20220207 00:15:19.979" endtime="20220207 00:15:20.009"/>
</kw>
<status status="PASS" starttime="20220207 00:15:19.017" endtime="20220207 00:15:20.009"/>
</kw>
<kw name="Fill Signup form" library="SignupActions">
<arg>${user}</arg>
<kw name="Fill Text" library="Browser">
<arg>id=name</arg>
<arg>${user}[name]</arg>
<tag>PageContent</tag>
<tag>Setter</tag>
<doc>Clears and fills the given ``txt`` into the text field found by ``selector``.</doc>
<msg timestamp="20220207 00:15:20.011" level="INFO">Fills the text 'Benjamin' in the given field.</msg>
<status status="PASS" starttime="20220207 00:15:20.011" endtime="20220207 00:15:20.040"/>
</kw>
<kw name="Fill Text" library="Browser">
<arg>id=lastname</arg>
<arg>${user}[lastname]</arg>
<tag>PageContent</tag>
<tag>Setter</tag>
<doc>Clears and fills the given ``txt`` into the text field found by ``selector``.</doc>
<msg timestamp="20220207 00:15:20.040" level="INFO">Fills the text 'Terrell' in the given field.</msg>
<status status="PASS" starttime="20220207 00:15:20.040" endtime="20220207 00:15:20.064"/>
</kw>
<kw name="Fill Text" library="Browser">
<arg>id=email</arg>
<arg>${user}[email]</arg>
<tag>PageContent</tag>
<tag>Setter</tag>
<doc>Clears and fills the given ``txt`` into the text field found by ``selector``.</doc>
<msg timestamp="20220207 00:15:20.065" level="INFO">Fills the text 'amy50@hotmail.com' in the given field.</msg>
<status status="PASS" starttime="20220207 00:15:20.064" endtime="20220207 00:15:20.086"/>
</kw>
<kw name="Fill Text" library="Browser">
<arg>id=password</arg>
<arg>${user}[password]</arg>
<tag>PageContent</tag>
<tag>Setter</tag>
<doc>Clears and fills the given ``txt`` into the text field found by ``selector``.</doc>
<msg timestamp="20220207 00:15:20.087" level="INFO">Fills the text 'pwd123' in the given field.</msg>
<status status="PASS" starttime="20220207 00:15:20.086" endtime="20220207 00:15:20.107"/>
</kw>
<status status="PASS" starttime="20220207 00:15:20.010" endtime="20220207 00:15:20.108"/>
</kw>
<kw name="Submit Signup Form" library="SignupActions">
<kw name="Click" library="Browser">
<arg>css=.submit-button &gt;&gt; text=Cadastrar</arg>
<tag>PageContent</tag>
<tag>Setter</tag>
<doc>Simulates mouse click on the element found by ``selector``.</doc>
<status status="PASS" starttime="20220207 00:15:20.109" endtime="20220207 00:15:20.189"/>
</kw>
<status status="PASS" starttime="20220207 00:15:20.108" endtime="20220207 00:15:20.189"/>
</kw>
<kw name="Modal Content Should Be" library="_SharedActions">
<arg>Já temos um usuário com o e-mail informado.</arg>
<kw name="Set Variable" library="BuiltIn">
<var>${title}</var>
<arg>css=.swal2-title</arg>
<doc>Returns the given values which can then be assigned to a variables.</doc>
<msg timestamp="20220207 00:15:20.191" level="INFO">${title} = css=.swal2-title</msg>
<status status="PASS" starttime="20220207 00:15:20.191" endtime="20220207 00:15:20.191"/>
</kw>
<kw name="Set Variable" library="BuiltIn">
<var>${content}</var>
<arg>css=.swal2-html-container</arg>
<doc>Returns the given values which can then be assigned to a variables.</doc>
<msg timestamp="20220207 00:15:20.192" level="INFO">${content} = css=.swal2-html-container</msg>
<status status="PASS" starttime="20220207 00:15:20.191" endtime="20220207 00:15:20.192"/>
</kw>
<kw name="Wait For Elements State" library="Browser">
<arg>${title}</arg>
<arg>visible</arg>
<arg>5</arg>
<tag>PageContent</tag>
<tag>Wait</tag>
<doc>Waits for the element found by ``selector`` to satisfy state option.</doc>
<msg timestamp="20220207 00:15:21.104" level="INFO">Waited for Element with selector css=.swal2-title at state visible</msg>
<status status="PASS" starttime="20220207 00:15:20.192" endtime="20220207 00:15:21.104"/>
</kw>
<kw name="Get Text" library="Browser">
<arg>${title}</arg>
<arg>equal</arg>
<arg>Oops...</arg>
<tag>Assertion</tag>
<tag>Getter</tag>
<tag>PageContent</tag>
<doc>Returns text attribute of the element found by ``selector``.</doc>
<status status="PASS" starttime="20220207 00:15:21.105" endtime="20220207 00:15:21.134"/>
</kw>
<kw name="Wait For Elements State" library="Browser">
<arg>${content}</arg>
<arg>visible</arg>
<arg>5</arg>
<tag>PageContent</tag>
<tag>Wait</tag>
<doc>Waits for the element found by ``selector`` to satisfy state option.</doc>
<msg timestamp="20220207 00:15:21.145" level="INFO">Waited for Element with selector css=.swal2-html-container at state visible</msg>
<status status="PASS" starttime="20220207 00:15:21.135" endtime="20220207 00:15:21.145"/>
</kw>
<kw name="Get Text" library="Browser">
<arg>${content}</arg>
<arg>equal</arg>
<arg>${expected_text}</arg>
<tag>Assertion</tag>
<tag>Getter</tag>
<tag>PageContent</tag>
<doc>Returns text attribute of the element found by ``selector``.</doc>
<status status="PASS" starttime="20220207 00:15:21.145" endtime="20220207 00:15:21.171"/>
</kw>
<status status="PASS" starttime="20220207 00:15:20.190" endtime="20220207 00:15:21.171"/>
</kw>
<kw name="Finish Session" library="Base" type="TEARDOWN">
<kw name="Take Screenshot" library="Browser">
<tag>PageContent</tag>
<doc>Takes a screenshot of the current window or element and saves it to disk.</doc>
<msg timestamp="20220207 00:15:21.453" level="INFO" html="true">&lt;/td&gt;&lt;/tr&gt;&lt;tr&gt;&lt;td colspan="3"&gt;&lt;a href="browser/screenshot/robotframework-browser-screenshot-9.png"&gt;&lt;img src="browser/screenshot/robotframework-browser-screenshot-9.png" width="800px"&gt;&lt;/a&gt;</msg>
<status status="PASS" starttime="20220207 00:15:21.173" endtime="20220207 00:15:21.453"/>
</kw>
<status status="PASS" starttime="20220207 00:15:21.172" endtime="20220207 00:15:21.454"/>
</kw>
<tag>attempt_signup</tag>
<status status="PASS" starttime="20220207 00:15:13.674" endtime="20220207 00:15:21.454"/>
</test>
<test id="s1-s2-t3" name="Wrong Email">
<kw name="Start Session" library="Base" type="SETUP">
<kw name="New Browser" library="Browser">
<arg>chromium</arg>
<arg>headless=False</arg>
<arg>slowMo=00:00:00</arg>
<tag>BrowserControl</tag>
<tag>Setter</tag>
<doc>Create a new playwright Browser with specified options.</doc>
<msg timestamp="20220207 00:15:21.550" level="INFO">{"browser": "chromium", "headless": false, "handleSIGINT": true, "handleSIGTERM": true, "handleSIGHUP": true, "timeout": 30000.0, "devtools": false, "slowMo": 0.0, "tracesDir": "C:\\GravidadeZERO\\getgeeks\\project\\logs\\browser\\traces\\48fd264c-0fb6-4d3e-a863-41548a6abbeb"}</msg>
<msg timestamp="20220207 00:15:22.840" level="INFO">Successfully created browser with options: {"browser":"chromium","headless":false,"handleSIGINT":true,"handleSIGTERM":true,"handleSIGHUP":true,"timeout":30000,"devtools":false,"slowMo":0,"tracesDir":"C:\\GravidadeZERO\\getgeeks\\project\\logs\\browser\\traces\\48fd264c-0fb6-4d3e-a863-41548a6abbeb"}</msg>
<status status="PASS" starttime="20220207 00:15:21.548" endtime="20220207 00:15:22.840"/>
</kw>
<kw name="New Page" library="Browser">
<arg>${BASE_URL}</arg>
<tag>BrowserControl</tag>
<tag>Setter</tag>
<doc>Open a new Page.</doc>
<msg timestamp="20220207 00:15:25.402" level="INFO">Successfully initialized new page object and opened url: https://getgeeks-kennedy.herokuapp.com</msg>
<msg timestamp="20220207 00:15:25.402" level="INFO">No context was open. New context was automatically opened when this page is created.</msg>
<status status="PASS" starttime="20220207 00:15:22.840" endtime="20220207 00:15:25.402"/>
</kw>
<status status="PASS" starttime="20220207 00:15:21.547" endtime="20220207 00:15:25.402"/>
</kw>
<kw name="Factory Wrong Email" library="Users">
<var>${user}</var>
<msg timestamp="20220207 00:15:25.404" level="INFO">${user} = {'name': 'Michael', 'lastname': 'Parrish', 'email': 'michael&amp;gmail.com', 'password': 'pwd123'}</msg>
<status status="PASS" starttime="20220207 00:15:25.404" endtime="20220207 00:15:25.404"/>
</kw>
<kw name="Go To Signup Form" library="SignupActions">
<kw name="Go To" library="Browser">
<arg>${BASE_URL}/signup</arg>
<tag>BrowserControl</tag>
<tag>Setter</tag>
<doc>Navigates to the given ``url``.</doc>
<msg timestamp="20220207 00:15:26.469" level="INFO">Successfully opened URL https://getgeeks-kennedy.herokuapp.com/signup</msg>
<status status="PASS" starttime="20220207 00:15:25.405" endtime="20220207 00:15:26.470"/>
</kw>
<kw name="Wait For Elements State" library="Browser">
<arg>css=.signup-form</arg>
<arg>visible</arg>
<arg>5</arg>
<tag>PageContent</tag>
<tag>Wait</tag>
<doc>Waits for the element found by ``selector`` to satisfy state option.</doc>
<msg timestamp="20220207 00:15:26.505" level="INFO">Waited for Element with selector css=.signup-form at state visible</msg>
<status status="PASS" starttime="20220207 00:15:26.470" endtime="20220207 00:15:26.505"/>
</kw>
<status status="PASS" starttime="20220207 00:15:25.405" endtime="20220207 00:15:26.505"/>
</kw>
<kw name="Fill Signup form" library="SignupActions">
<arg>${user}</arg>
<kw name="Fill Text" library="Browser">
<arg>id=name</arg>
<arg>${user}[name]</arg>
<tag>PageContent</tag>
<tag>Setter</tag>
<doc>Clears and fills the given ``txt`` into the text field found by ``selector``.</doc>
<msg timestamp="20220207 00:15:26.507" level="INFO">Fills the text 'Michael' in the given field.</msg>
<status status="PASS" starttime="20220207 00:15:26.507" endtime="20220207 00:15:26.531"/>
</kw>
<kw name="Fill Text" library="Browser">
<arg>id=lastname</arg>
<arg>${user}[lastname]</arg>
<tag>PageContent</tag>
<tag>Setter</tag>
<doc>Clears and fills the given ``txt`` into the text field found by ``selector``.</doc>
<msg timestamp="20220207 00:15:26.532" level="INFO">Fills the text 'Parrish' in the given field.</msg>
<status status="PASS" starttime="20220207 00:15:26.531" endtime="20220207 00:15:26.556"/>
</kw>
<kw name="Fill Text" library="Browser">
<arg>id=email</arg>
<arg>${user}[email]</arg>
<tag>PageContent</tag>
<tag>Setter</tag>
<doc>Clears and fills the given ``txt`` into the text field found by ``selector``.</doc>
<msg timestamp="20220207 00:15:26.557" level="INFO">Fills the text 'michael&amp;gmail.com' in the given field.</msg>
<status status="PASS" starttime="20220207 00:15:26.556" endtime="20220207 00:15:26.577"/>
</kw>
<kw name="Fill Text" library="Browser">
<arg>id=password</arg>
<arg>${user}[password]</arg>
<tag>PageContent</tag>
<tag>Setter</tag>
<doc>Clears and fills the given ``txt`` into the text field found by ``selector``.</doc>
<msg timestamp="20220207 00:15:26.578" level="INFO">Fills the text 'pwd123' in the given field.</msg>
<status status="PASS" starttime="20220207 00:15:26.577" endtime="20220207 00:15:26.596"/>
</kw>
<status status="PASS" starttime="20220207 00:15:26.506" endtime="20220207 00:15:26.596"/>
</kw>
<kw name="Submit Signup Form" library="SignupActions">
<kw name="Click" library="Browser">
<arg>css=.submit-button &gt;&gt; text=Cadastrar</arg>
<tag>PageContent</tag>
<tag>Setter</tag>
<doc>Simulates mouse click on the element found by ``selector``.</doc>
<status status="PASS" starttime="20220207 00:15:26.597" endtime="20220207 00:15:26.668"/>
</kw>
<status status="PASS" starttime="20220207 00:15:26.597" endtime="20220207 00:15:26.668"/>
</kw>
<kw name="Alert Span Should Be" library="_SharedActions">
<arg>O email está estranho</arg>
<kw name="Wait For Elements State" library="Browser">
<arg>css=span[class=error] &gt;&gt; text=${expected_alert}</arg>
<arg>visible</arg>
<arg>5</arg>
<tag>PageContent</tag>
<tag>Wait</tag>
<doc>Waits for the element found by ``selector`` to satisfy state option.</doc>
<msg timestamp="20220207 00:15:26.681" level="INFO">Waited for Element with selector css=span[class=error] &gt;&gt; text=O email está estranho at state visible</msg>
<status status="PASS" starttime="20220207 00:15:26.670" endtime="20220207 00:15:26.682"/>
</kw>
<status status="PASS" starttime="20220207 00:15:26.669" endtime="20220207 00:15:26.682"/>
</kw>
<kw name="Finish Session" library="Base" type="TEARDOWN">
<kw name="Take Screenshot" library="Browser">
<tag>PageContent</tag>
<doc>Takes a screenshot of the current window or element and saves it to disk.</doc>
<msg timestamp="20220207 00:15:26.958" level="INFO" html="true">&lt;/td&gt;&lt;/tr&gt;&lt;tr&gt;&lt;td colspan="3"&gt;&lt;a href="browser/screenshot/robotframework-browser-screenshot-10.png"&gt;&lt;img src="browser/screenshot/robotframework-browser-screenshot-10.png" width="800px"&gt;&lt;/a&gt;</msg>
<status status="PASS" starttime="20220207 00:15:26.683" endtime="20220207 00:15:26.958"/>
</kw>
<status status="PASS" starttime="20220207 00:15:26.683" endtime="20220207 00:15:26.958"/>
</kw>
<tag>attempt_signup</tag>
<status status="PASS" starttime="20220207 00:15:21.543" endtime="20220207 00:15:26.959"/>
</test>
<test id="s1-s2-t4" name="Required Fields">
<kw name="Start Session" library="Base" type="SETUP">
<kw name="New Browser" library="Browser">
<arg>chromium</arg>
<arg>headless=False</arg>
<arg>slowMo=00:00:00</arg>
<tag>BrowserControl</tag>
<tag>Setter</tag>
<doc>Create a new playwright Browser with specified options.</doc>
<msg timestamp="20220207 00:15:27.049" level="INFO">{"browser": "chromium", "headless": false, "handleSIGINT": true, "handleSIGTERM": true, "handleSIGHUP": true, "timeout": 30000.0, "devtools": false, "slowMo": 0.0, "tracesDir": "C:\\GravidadeZERO\\getgeeks\\project\\logs\\browser\\traces\\22e87bc3-8062-41f6-8458-0b7dc15ed4e7"}</msg>
<msg timestamp="20220207 00:15:28.181" level="INFO">Successfully created browser with options: {"browser":"chromium","headless":false,"handleSIGINT":true,"handleSIGTERM":true,"handleSIGHUP":true,"timeout":30000,"devtools":false,"slowMo":0,"tracesDir":"C:\\GravidadeZERO\\getgeeks\\project\\logs\\browser\\traces\\22e87bc3-8062-41f6-8458-0b7dc15ed4e7"}</msg>
<status status="PASS" starttime="20220207 00:15:27.048" endtime="20220207 00:15:28.181"/>
</kw>
<kw name="New Page" library="Browser">
<arg>${BASE_URL}</arg>
<tag>BrowserControl</tag>
<tag>Setter</tag>
<doc>Open a new Page.</doc>
<msg timestamp="20220207 00:15:30.647" level="INFO">Successfully initialized new page object and opened url: https://getgeeks-kennedy.herokuapp.com</msg>
<msg timestamp="20220207 00:15:30.647" level="INFO">No context was open. New context was automatically opened when this page is created.</msg>
<status status="PASS" starttime="20220207 00:15:28.182" endtime="20220207 00:15:30.647"/>
</kw>
<status status="PASS" starttime="20220207 00:15:27.047" endtime="20220207 00:15:30.648"/>
</kw>
<kw name="Create List" library="BuiltIn">
<var>@{expected_alerts}</var>
<arg>Cadê o seu nome?</arg>
<arg>E o sobrenome?</arg>
<arg>O email é importante também!</arg>
<arg>Agora só falta a senha!</arg>
<doc>Returns a list containing given items.</doc>
<msg timestamp="20220207 00:15:30.648" level="INFO">@{expected_alerts} = [ Cadê o seu nome? | E o sobrenome? | O email é importante também! | Agora só falta a senha! ]</msg>
<status status="PASS" starttime="20220207 00:15:30.648" endtime="20220207 00:15:30.648"/>
</kw>
<kw name="Go To Signup Form" library="SignupActions">
<kw name="Go To" library="Browser">
<arg>${BASE_URL}/signup</arg>
<tag>BrowserControl</tag>
<tag>Setter</tag>
<doc>Navigates to the given ``url``.</doc>
<msg timestamp="20220207 00:15:31.611" level="INFO">Successfully opened URL https://getgeeks-kennedy.herokuapp.com/signup</msg>
<status status="PASS" starttime="20220207 00:15:30.649" endtime="20220207 00:15:31.611"/>
</kw>
<kw name="Wait For Elements State" library="Browser">
<arg>css=.signup-form</arg>
<arg>visible</arg>
<arg>5</arg>
<tag>PageContent</tag>
<tag>Wait</tag>
<doc>Waits for the element found by ``selector`` to satisfy state option.</doc>
<msg timestamp="20220207 00:15:31.639" level="INFO">Waited for Element with selector css=.signup-form at state visible</msg>
<status status="PASS" starttime="20220207 00:15:31.611" endtime="20220207 00:15:31.640"/>
</kw>
<status status="PASS" starttime="20220207 00:15:30.649" endtime="20220207 00:15:31.640"/>
</kw>
<kw name="Submit Signup Form" library="SignupActions">
<kw name="Click" library="Browser">
<arg>css=.submit-button &gt;&gt; text=Cadastrar</arg>
<tag>PageContent</tag>
<tag>Setter</tag>
<doc>Simulates mouse click on the element found by ``selector``.</doc>
<status status="PASS" starttime="20220207 00:15:31.641" endtime="20220207 00:15:31.695"/>
</kw>
<status status="PASS" starttime="20220207 00:15:31.640" endtime="20220207 00:15:31.695"/>
</kw>
<kw name="Alert Spans Should Be" library="_SharedActions">
<arg>${expected_alerts}</arg>
<kw name="Create List" library="BuiltIn">
<var>@{got_alerts}</var>
<doc>Returns a list containing given items.</doc>
<msg timestamp="20220207 00:15:31.697" level="INFO">@{got_alerts} = [ ]</msg>
<status status="PASS" starttime="20220207 00:15:31.697" endtime="20220207 00:15:31.697"/>
</kw>
<kw name="Get Elements" library="Browser">
<var>${spans}</var>
<arg>xpath=//span[@class="error"]</arg>
<tag>Getter</tag>
<tag>PageContent</tag>
<doc>Returns a reference to playwright element handle for all matched elements by ``selector``.</doc>
<msg timestamp="20220207 00:15:31.716" level="INFO">Found 4 Locators successfully.</msg>
<msg timestamp="20220207 00:15:31.716" level="INFO">${spans} = ['element=6205bc65-9dc5-4369-bc8a-ab2a23f8bf0e', 'element=d817fb2d-260d-4018-b1ac-5c7a0f87f317', 'element=81628745-a21d-4da1-8350-dc2c1f68f48f', 'element=e815374c-ba53-4e1c-8e88-45aaf552ed7b']</msg>
<status status="PASS" starttime="20220207 00:15:31.698" endtime="20220207 00:15:31.716"/>
</kw>
<for flavor="IN">
<var>${span}</var>
<value>@{spans}</value>
<iter>
<var name="${span}">element=6205bc65-9dc5-4369-bc8a-ab2a23f8bf0e</var>
<kw name="Get Text" library="Browser">
<var>${texT}</var>
<arg>${span}</arg>
<tag>Assertion</tag>
<tag>Getter</tag>
<tag>PageContent</tag>
<doc>Returns text attribute of the element found by ``selector``.</doc>
[...]
<msg timestamp="20220207 00:15:43.000" level="INFO">Successfully opened URL https://getgeeks-kennedy.herokuapp.com/signup</msg>
<status status="PASS" starttime="20220207 00:15:42.419" endtime="20220207 00:15:43.000"/>
</kw>
<kw name="Wait For Elements State" library="Browser">
<arg>css=.signup-form</arg>
<arg>visible</arg>
<arg>5</arg>
<tag>PageContent</tag>
<tag>Wait</tag>
<doc>Waits for the element found by ``selector`` to satisfy state option.</doc>
<msg timestamp="20220207 00:15:43.016" level="INFO">Waited for Element with selector css=.signup-form at state visible</msg>
<status status="PASS" starttime="20220207 00:15:43.000" endtime="20220207 00:15:43.016"/>
</kw>
<status status="PASS" starttime="20220207 00:15:42.418" endtime="20220207 00:15:43.016"/>
</kw>
<kw name="Fill Signup form" library="SignupActions">
<arg>${user}</arg>
<kw name="Fill Text" library="Browser">
<arg>id=name</arg>
<arg>${user}[name]</arg>
<tag>PageContent</tag>
<tag>Setter</tag>
<doc>Clears and fills the given ``txt`` into the text field found by ``selector``.</doc>
<msg timestamp="20220207 00:15:43.017" level="INFO">Fills the text 'Kennedy' in the given field.</msg>
<status status="PASS" starttime="20220207 00:15:43.017" endtime="20220207 00:15:43.034"/>
</kw>
<kw name="Fill Text" library="Browser">
<arg>id=lastname</arg>
<arg>${user}[lastname]</arg>
<tag>PageContent</tag>
<tag>Setter</tag>
<doc>Clears and fills the given ``txt`` into the text field found by ``selector``.</doc>
<msg timestamp="20220207 00:15:43.035" level="INFO">Fills the text 'Silva' in the given field.</msg>
<status status="PASS" starttime="20220207 00:15:43.034" endtime="20220207 00:15:43.052"/>
</kw>
<kw name="Fill Text" library="Browser">
<arg>id=email</arg>
<arg>${user}[email]</arg>
<tag>PageContent</tag>
<tag>Setter</tag>
<doc>Clears and fills the given ``txt`` into the text field found by ``selector``.</doc>
<msg timestamp="20220207 00:15:43.053" level="INFO">Fills the text 'kennedy@gmail.com' in the given field.</msg>
<status status="PASS" starttime="20220207 00:15:43.052" endtime="20220207 00:15:43.068"/>
</kw>
<kw name="Fill Text" library="Browser">
<arg>id=password</arg>
<arg>${user}[password]</arg>
<tag>PageContent</tag>
<tag>Setter</tag>
<doc>Clears and fills the given ``txt`` into the text field found by ``selector``.</doc>
<msg timestamp="20220207 00:15:43.069" level="INFO">Fills the text 'ab3c' in the given field.</msg>
<status status="PASS" starttime="20220207 00:15:43.069" endtime="20220207 00:15:43.084"/>
</kw>
<status status="PASS" starttime="20220207 00:15:43.016" endtime="20220207 00:15:43.084"/>
</kw>
<kw name="Submit Signup Form" library="SignupActions">
<kw name="Click" library="Browser">
<arg>css=.submit-button &gt;&gt; text=Cadastrar</arg>
<tag>PageContent</tag>
<tag>Setter</tag>
<doc>Simulates mouse click on the element found by ``selector``.</doc>
<status status="PASS" starttime="20220207 00:15:43.085" endtime="20220207 00:15:43.138"/>
</kw>
<status status="PASS" starttime="20220207 00:15:43.085" endtime="20220207 00:15:43.138"/>
</kw>
<kw name="Alert Span Should Be" library="_SharedActions">
<arg>Informe uma senha com pelo menos 6 caracteres</arg>
<kw name="Wait For Elements State" library="Browser">
<arg>css=span[class=error] &gt;&gt; text=${expected_alert}</arg>
<arg>visible</arg>
<arg>5</arg>
<tag>PageContent</tag>
<tag>Wait</tag>
<doc>Waits for the element found by ``selector`` to satisfy state option.</doc>
<msg timestamp="20220207 00:15:43.148" level="INFO">Waited for Element with selector css=span[class=error] &gt;&gt; text=Informe uma senha com pelo menos 6 caracteres at state visible</msg>
<status status="PASS" starttime="20220207 00:15:43.138" endtime="20220207 00:15:43.148"/>
</kw>
<status status="PASS" starttime="20220207 00:15:43.138" endtime="20220207 00:15:43.148"/>
</kw>
<status status="PASS" starttime="20220207 00:15:42.417" endtime="20220207 00:15:43.149"/>
</kw>
<kw name="Signup With Short Pass">
<arg>a23bc</arg>
<kw name="Create Dictionary" library="BuiltIn">
<var>${user}</var>
<arg>name=Kennedy</arg>
<arg>lastname=Silva</arg>
<arg>email=kennedy@gmail.com</arg>
<arg>password=${short_pass}</arg>
<doc>Creates and returns a dictionary based on the given ``items``.</doc>
<msg timestamp="20220207 00:15:43.151" level="INFO">${user} = {'name': 'Kennedy', 'lastname': 'Silva', 'email': 'kennedy@gmail.com', 'password': 'a23bc'}</msg>
<status status="PASS" starttime="20220207 00:15:43.150" endtime="20220207 00:15:43.151"/>
</kw>
<kw name="Go To Signup Form" library="SignupActions">
<kw name="Go To" library="Browser">
<arg>${BASE_URL}/signup</arg>
<tag>BrowserControl</tag>
<tag>Setter</tag>
<doc>Navigates to the given ``url``.</doc>
<msg timestamp="20220207 00:15:43.737" level="INFO">Successfully opened URL https://getgeeks-kennedy.herokuapp.com/signup</msg>
<status status="PASS" starttime="20220207 00:15:43.151" endtime="20220207 00:15:43.738"/>
</kw>
<kw name="Wait For Elements State" library="Browser">
<arg>css=.signup-form</arg>
<arg>visible</arg>
<arg>5</arg>
<tag>PageContent</tag>
<tag>Wait</tag>
<doc>Waits for the element found by ``selector`` to satisfy state option.</doc>
<msg timestamp="20220207 00:15:43.751" level="INFO">Waited for Element with selector css=.signup-form at state visible</msg>
<status status="PASS" starttime="20220207 00:15:43.738" endtime="20220207 00:15:43.752"/>
</kw>
<status status="PASS" starttime="20220207 00:15:43.151" endtime="20220207 00:15:43.752"/>
</kw>
<kw name="Fill Signup form" library="SignupActions">
<arg>${user}</arg>
<kw name="Fill Text" library="Browser">
<arg>id=name</arg>
<arg>${user}[name]</arg>
<tag>PageContent</tag>
<tag>Setter</tag>
<doc>Clears and fills the given ``txt`` into the text field found by ``selector``.</doc>
<msg timestamp="20220207 00:15:43.753" level="INFO">Fills the text 'Kennedy' in the given field.</msg>
<status status="PASS" starttime="20220207 00:15:43.752" endtime="20220207 00:15:43.773"/>
</kw>
<kw name="Fill Text" library="Browser">
<arg>id=lastname</arg>
<arg>${user}[lastname]</arg>
<tag>PageContent</tag>
<tag>Setter</tag>
<doc>Clears and fills the given ``txt`` into the text field found by ``selector``.</doc>
<msg timestamp="20220207 00:15:43.773" level="INFO">Fills the text 'Silva' in the given field.</msg>
<status status="PASS" starttime="20220207 00:15:43.773" endtime="20220207 00:15:43.795"/>
</kw>
<kw name="Fill Text" library="Browser">
<arg>id=email</arg>
<arg>${user}[email]</arg>
<tag>PageContent</tag>
<tag>Setter</tag>
<doc>Clears and fills the given ``txt`` into the text field found by ``selector``.</doc>
<msg timestamp="20220207 00:15:43.796" level="INFO">Fills the text 'kennedy@gmail.com' in the given field.</msg>
<status status="PASS" starttime="20220207 00:15:43.795" endtime="20220207 00:15:43.813"/>
</kw>
<kw name="Fill Text" library="Browser">
<arg>id=password</arg>
<arg>${user}[password]</arg>
<tag>PageContent</tag>
<tag>Setter</tag>
<doc>Clears and fills the given ``txt`` into the text field found by ``selector``.</doc>
<msg timestamp="20220207 00:15:43.814" level="INFO">Fills the text 'a23bc' in the given field.</msg>
<status status="PASS" starttime="20220207 00:15:43.813" endtime="20220207 00:15:43.830"/>
</kw>
<status status="PASS" starttime="20220207 00:15:43.752" endtime="20220207 00:15:43.831"/>
</kw>
<kw name="Submit Signup Form" library="SignupActions">
<kw name="Click" library="Browser">
<arg>css=.submit-button &gt;&gt; text=Cadastrar</arg>
<tag>PageContent</tag>
<tag>Setter</tag>
<doc>Simulates mouse click on the element found by ``selector``.</doc>
<status status="PASS" starttime="20220207 00:15:43.831" endtime="20220207 00:15:43.889"/>
</kw>
<status status="PASS" starttime="20220207 00:15:43.831" endtime="20220207 00:15:43.890"/>
</kw>
<kw name="Alert Span Should Be" library="_SharedActions">
<arg>Informe uma senha com pelo menos 6 caracteres</arg>
<kw name="Wait For Elements State" library="Browser">
<arg>css=span[class=error] &gt;&gt; text=${expected_alert}</arg>
<arg>visible</arg>
<arg>5</arg>
<tag>PageContent</tag>
<tag>Wait</tag>
<doc>Waits for the element found by ``selector`` to satisfy state option.</doc>
<msg timestamp="20220207 00:15:43.907" level="INFO">Waited for Element with selector css=span[class=error] &gt;&gt; text=Informe uma senha com pelo menos 6 caracteres at state visible</msg>
<status status="PASS" starttime="20220207 00:15:43.891" endtime="20220207 00:15:43.907"/>
</kw>
<status status="PASS" starttime="20220207 00:15:43.890" endtime="20220207 00:15:43.907"/>
</kw>
<status status="PASS" starttime="20220207 00:15:43.149" endtime="20220207 00:15:43.908"/>
</kw>
<kw name="Signup With Short Pass">
<arg>-1</arg>
<kw name="Create Dictionary" library="BuiltIn">
<var>${user}</var>
<arg>name=Kennedy</arg>
<arg>lastname=Silva</arg>
<arg>email=kennedy@gmail.com</arg>
<arg>password=${short_pass}</arg>
<doc>Creates and returns a dictionary based on the given ``items``.</doc>
<msg timestamp="20220207 00:15:43.909" level="INFO">${user} = {'name': 'Kennedy', 'lastname': 'Silva', 'email': 'kennedy@gmail.com', 'password': '-1'}</msg>
<status status="PASS" starttime="20220207 00:15:43.909" endtime="20220207 00:15:43.909"/>
</kw>
<kw name="Go To Signup Form" library="SignupActions">
<kw name="Go To" library="Browser">
<arg>${BASE_URL}/signup</arg>
<tag>BrowserControl</tag>
<tag>Setter</tag>
<doc>Navigates to the given ``url``.</doc>
<msg timestamp="20220207 00:15:44.491" level="INFO">Successfully opened URL https://getgeeks-kennedy.herokuapp.com/signup</msg>
<status status="PASS" starttime="20220207 00:15:43.910" endtime="20220207 00:15:44.492"/>
</kw>
<kw name="Wait For Elements State" library="Browser">
<arg>css=.signup-form</arg>
<arg>visible</arg>
<arg>5</arg>
<tag>PageContent</tag>
<tag>Wait</tag>
<doc>Waits for the element found by ``selector`` to satisfy state option.</doc>
<msg timestamp="20220207 00:15:44.507" level="INFO">Waited for Element with selector css=.signup-form at state visible</msg>
<status status="PASS" starttime="20220207 00:15:44.492" endtime="20220207 00:15:44.508"/>
</kw>
<status status="PASS" starttime="20220207 00:15:43.909" endtime="20220207 00:15:44.508"/>
</kw>
<kw name="Fill Signup form" library="SignupActions">
<arg>${user}</arg>
<kw name="Fill Text" library="Browser">
<arg>id=name</arg>
<arg>${user}[name]</arg>
<tag>PageContent</tag>
<tag>Setter</tag>
<doc>Clears and fills the given ``txt`` into the text field found by ``selector``.</doc>
<msg timestamp="20220207 00:15:44.509" level="INFO">Fills the text 'Kennedy' in the given field.</msg>
<status status="PASS" starttime="20220207 00:15:44.509" endtime="20220207 00:15:44.527"/>
</kw>
<kw name="Fill Text" library="Browser">
<arg>id=lastname</arg>
<arg>${user}[lastname]</arg>
<tag>PageContent</tag>
<tag>Setter</tag>
<doc>Clears and fills the given ``txt`` into the text field found by ``selector``.</doc>
<msg timestamp="20220207 00:15:44.528" level="INFO">Fills the text 'Silva' in the given field.</msg>
<status status="PASS" starttime="20220207 00:15:44.527" endtime="20220207 00:15:44.546"/>
</kw>
<kw name="Fill Text" library="Browser">
<arg>id=email</arg>
<arg>${user}[email]</arg>
<tag>PageContent</tag>
<tag>Setter</tag>
<doc>Clears and fills the given ``txt`` into the text field found by ``selector``.</doc>
<msg timestamp="20220207 00:15:44.547" level="INFO">Fills the text 'kennedy@gmail.com' in the given field.</msg>
<status status="PASS" starttime="20220207 00:15:44.547" endtime="20220207 00:15:44.565"/>
</kw>
<kw name="Fill Text" library="Browser">
<arg>id=password</arg>
<arg>${user}[password]</arg>
<tag>PageContent</tag>
<tag>Setter</tag>
<doc>Clears and fills the given ``txt`` into the text field found by ``selector``.</doc>
<msg timestamp="20220207 00:15:44.566" level="INFO">Fills the text '-1' in the given field.</msg>
<status status="PASS" starttime="20220207 00:15:44.565" endtime="20220207 00:15:44.580"/>
</kw>
<status status="PASS" starttime="20220207 00:15:44.508" endtime="20220207 00:15:44.581"/>
</kw>
<kw name="Submit Signup Form" library="SignupActions">
<kw name="Click" library="Browser">
<arg>css=.submit-button &gt;&gt; text=Cadastrar</arg>
<tag>PageContent</tag>
<tag>Setter</tag>
<doc>Simulates mouse click on the element found by ``selector``.</doc>
<status status="PASS" starttime="20220207 00:15:44.581" endtime="20220207 00:15:44.644"/>
</kw>
<status status="PASS" starttime="20220207 00:15:44.581" endtime="20220207 00:15:44.644"/>
</kw>
<kw name="Alert Span Should Be" library="_SharedActions">
<arg>Informe uma senha com pelo menos 6 caracteres</arg>
<kw name="Wait For Elements State" library="Browser">
<arg>css=span[class=error] &gt;&gt; text=${expected_alert}</arg>
<arg>visible</arg>
<arg>5</arg>
<tag>PageContent</tag>
<tag>Wait</tag>
<doc>Waits for the element found by ``selector`` to satisfy state option.</doc>
<msg timestamp="20220207 00:15:44.654" level="INFO">Waited for Element with selector css=span[class=error] &gt;&gt; text=Informe uma senha com pelo menos 6 caracteres at state visible</msg>
<status status="PASS" starttime="20220207 00:15:44.644" endtime="20220207 00:15:44.654"/>
</kw>
<status status="PASS" starttime="20220207 00:15:44.644" endtime="20220207 00:15:44.655"/>
</kw>
<status status="PASS" starttime="20220207 00:15:43.908" endtime="20220207 00:15:44.655"/>
</kw>
<kw name="Signup With Short Pass">
<arg>acb#1</arg>
<kw name="Create Dictionary" library="BuiltIn">
<var>${user}</var>
<arg>name=Kennedy</arg>
<arg>lastname=Silva</arg>
<arg>email=kennedy@gmail.com</arg>
<arg>password=${short_pass}</arg>
<doc>Creates and returns a dictionary based on the given ``items``.</doc>
<msg timestamp="20220207 00:15:44.657" level="INFO">${user} = {'name': 'Kennedy', 'lastname': 'Silva', 'email': 'kennedy@gmail.com', 'password': 'acb#1'}</msg>
<status status="PASS" starttime="20220207 00:15:44.656" endtime="20220207 00:15:44.657"/>
</kw>
<kw name="Go To Signup Form" library="SignupActions">
<kw name="Go To" library="Browser">
<arg>${BASE_URL}/signup</arg>
<tag>BrowserControl</tag>
<tag>Setter</tag>
<doc>Navigates to the given ``url``.</doc>
<msg timestamp="20220207 00:15:45.237" level="INFO">Successfully opened URL https://getgeeks-kennedy.herokuapp.com/signup</msg>
<status status="PASS" starttime="20220207 00:15:44.657" endtime="20220207 00:15:45.237"/>
</kw>
<kw name="Wait For Elements State" library="Browser">
<arg>css=.signup-form</arg>
<arg>visible</arg>
<arg>5</arg>
<tag>PageContent</tag>
<tag>Wait</tag>
<doc>Waits for the element found by ``selector`` to satisfy state option.</doc>
<msg timestamp="20220207 00:15:45.254" level="INFO">Waited for Element with selector css=.signup-form at state visible</msg>
<status status="PASS" starttime="20220207 00:15:45.237" endtime="20220207 00:15:45.254"/>
</kw>
<status status="PASS" starttime="20220207 00:15:44.657" endtime="20220207 00:15:45.254"/>
</kw>
<kw name="Fill Signup form" library="SignupActions">
<arg>${user}</arg>
<kw name="Fill Text" library="Browser">
<arg>id=name</arg>
<arg>${user}[name]</arg>
<tag>PageContent</tag>
<tag>Setter</tag>
<doc>Clears and fills the given ``txt`` into the text field found by ``selector``.</doc>
<msg timestamp="20220207 00:15:45.255" level="INFO">Fills the text 'Kennedy' in the given field.</msg>
<status status="PASS" starttime="20220207 00:15:45.255" endtime="20220207 00:15:45.275"/>
</kw>
<kw name="Fill Text" library="Browser">
<arg>id=lastname</arg>
<arg>${user}[lastname]</arg>
<tag>PageContent</tag>
<tag>Setter</tag>
<doc>Clears and fills the given ``txt`` into the text field found by ``selector``.</doc>
<msg timestamp="20220207 00:15:45.276" level="INFO">Fills the text 'Silva' in the given field.</msg>
<status status="PASS" starttime="20220207 00:15:45.276" endtime="20220207 00:15:45.293"/>
</kw>
<kw name="Fill Text" library="Browser">
<arg>id=email</arg>
<arg>${user}[email]</arg>
<tag>PageContent</tag>
<tag>Setter</tag>
<doc>Clears and fills the given ``txt`` into the text field found by ``selector``.</doc>
<msg timestamp="20220207 00:15:45.294" level="INFO">Fills the text 'kennedy@gmail.com' in the given field.</msg>
<status status="PASS" starttime="20220207 00:15:45.293" endtime="20220207 00:15:45.311"/>
</kw>
<kw name="Fill Text" library="Browser">
<arg>id=password</arg>
<arg>${user}[password]</arg>
<tag>PageContent</tag>
<tag>Setter</tag>
<doc>Clears and fills the given ``txt`` into the text field found by ``selector``.</doc>
<msg timestamp="20220207 00:15:45.312" level="INFO">Fills the text 'acb#1' in the given field.</msg>
<status status="PASS" starttime="20220207 00:15:45.311" endtime="20220207 00:15:45.328"/>
</kw>
<status status="PASS" starttime="20220207 00:15:45.254" endtime="20220207 00:15:45.328"/>
</kw>
<kw name="Submit Signup Form" library="SignupActions">
<kw name="Click" library="Browser">
<arg>css=.submit-button &gt;&gt; text=Cadastrar</arg>
<tag>PageContent</tag>
<tag>Setter</tag>
<doc>Simulates mouse click on the element found by ``selector``.</doc>
<status status="PASS" starttime="20220207 00:15:45.329" endtime="20220207 00:15:45.393"/>
</kw>
<status status="PASS" starttime="20220207 00:15:45.328" endtime="20220207 00:15:45.393"/>
</kw>
<kw name="Alert Span Should Be" library="_SharedActions">
<arg>Informe uma senha com pelo menos 6 caracteres</arg>
<kw name="Wait For Elements State" library="Browser">
<arg>css=span[class=error] &gt;&gt; text=${expected_alert}</arg>
<arg>visible</arg>
<arg>5</arg>
<tag>PageContent</tag>
<tag>Wait</tag>
<doc>Waits for the element found by ``selector`` to satisfy state option.</doc>
<msg timestamp="20220207 00:15:45.403" level="INFO">Waited for Element with selector css=span[class=error] &gt;&gt; text=Informe uma senha com pelo menos 6 caracteres at state visible</msg>
<status status="PASS" starttime="20220207 00:15:45.394" endtime="20220207 00:15:45.404"/>
</kw>
<status status="PASS" starttime="20220207 00:15:45.393" endtime="20220207 00:15:45.404"/>
</kw>
<status status="PASS" starttime="20220207 00:15:44.656" endtime="20220207 00:15:45.404"/>
</kw>
<kw name="Finish Session" library="Base" type="TEARDOWN">
<kw name="Take Screenshot" library="Browser">
<tag>PageContent</tag>
<doc>Takes a screenshot of the current window or element and saves it to disk.</doc>
<msg timestamp="20220207 00:15:45.656" level="INFO" html="true">&lt;/td&gt;&lt;/tr&gt;&lt;tr&gt;&lt;td colspan="3"&gt;&lt;a href="browser/screenshot/robotframework-browser-screenshot-12.png"&gt;&lt;img src="browser/screenshot/robotframework-browser-screenshot-12.png" width="800px"&gt;&lt;/a&gt;</msg>
<status status="PASS" starttime="20220207 00:15:45.405" endtime="20220207 00:15:45.656"/>
</kw>
<status status="PASS" starttime="20220207 00:15:45.405" endtime="20220207 00:15:45.656"/>
</kw>
<tag>attempt_signup</tag>
<tag>short_pass</tag>
<status status="PASS" starttime="20220207 00:15:32.103" endtime="20220207 00:15:45.657"/>
</test>
<doc>Signup Test Suite</doc>
<status status="PASS" starttime="20220207 00:15:07.559" endtime="20220207 00:15:45.757"/>
</suite>
<status status="PASS" starttime="20220207 00:14:29.239" endtime="20220207 00:15:45.766"/>
</suite>
<statistics>
<total>
<stat pass="12" fail="0" skip="0">All Tests</stat>
</total>
<tag>
<stat pass="2" fail="0" skip="0">attempt_auth</stat>
<stat pass="1" fail="0" skip="0">attempt_auth reqa</stat>
<stat pass="4" fail="0" skip="0">attempt_signup</stat>
<stat pass="1" fail="0" skip="0">i_email</stat>
<stat pass="1" fail="0" skip="0">i_pass</stat>
<stat pass="1" fail="0" skip="0">reqe</stat>
<stat pass="1" fail="0" skip="0">reqf</stat>
<stat pass="1" fail="0" skip="0">reqp</stat>
<stat pass="1" fail="0" skip="0">short_pass</stat>
<stat pass="1" fail="0" skip="0">user_404</stat>
</tag>
<suite>
<stat pass="12" fail="0" skip="0" id="s1" name="Tests">Tests</stat>
<stat pass="7" fail="0" skip="0" id="s1-s1" name="Auth">Tests.Auth</stat>
<stat pass="5" fail="0" skip="0" id="s1-s2" name="Signup">Tests.Signup</stat>
</suite>
</statistics>
<errors>
</errors>
</robot>
