<?xml version="1.0" encoding="UTF-8"?>
<robot generator="Robot 4.1.3 (Python 3.10.1 on win32)" generated="20220207 00:35:28.633" rpa="false" schemaversion="2">
<suite id="s1" name="Tests" source="C:\GravidadeZERO\getgeeks\project\tests">
<suite id="s1-s1" name="Auth" source="C:\GravidadeZERO\getgeeks\project\tests\Auth.robot">
<test id="s1-s1-t1" name="Password is Required">
<kw name="Start Session" library="Base" type="SETUP">
<kw name="New Browser" library="Browser">
<arg>chromium</arg>
<arg>headless=False</arg>
<arg>slowMo=00:00:00</arg>
<tag>BrowserControl</tag>
<tag>Setter</tag>
<doc>Create a new playwright Browser with specified options.</doc>
<msg timestamp="20220207 00:35:29.619" level="INFO">{"browser": "chromium", "headless": false, "handleSIGINT": true, "handleSIGTERM": true, "handleSIGHUP": true, "timeout": 30000.0, "devtools": false, "slowMo": 0.0, "tracesDir": "C:\\GravidadeZERO\\getgeeks\\project\\logs\\browser\\traces\\d2478562-688d-4af6-a1a0-e01fa01490a4"}</msg>
<msg timestamp="20220207 00:35:30.385" level="INFO">Successfully created browser with options: {"browser":"chromium","headless":false,"handleSIGINT":true,"handleSIGTERM":true,"handleSIGHUP":true,"timeout":30000,"devtools":false,"slowMo":0,"tracesDir":"C:\\GravidadeZERO\\getgeeks\\project\\logs\\browser\\traces\\d2478562-688d-4af6-a1a0-e01fa01490a4"}</msg>
<status status="PASS" starttime="20220207 00:35:29.618" endtime="20220207 00:35:30.385"/>
</kw>
<kw name="New Page" library="Browser">
<arg>${BASE_URL}</arg>
<tag>BrowserControl</tag>
<tag>Setter</tag>
<doc>Open a new Page.</doc>
<msg timestamp="20220207 00:35:32.821" level="INFO">Successfully initialized new page object and opened url: https://getgeeks-kennedy.herokuapp.com</msg>
<msg timestamp="20220207 00:35:32.821" level="INFO">No context was open. New context was automatically opened when this page is created.</msg>
<status status="PASS" starttime="20220207 00:35:30.385" endtime="20220207 00:35:32.822"/>
</kw>
<status status="PASS" starttime="20220207 00:35:29.618" endtime="20220207 00:35:32.822"/>
</kw>
<kw name="Create Dictionary" library="BuiltIn">
<var>${user}</var>
<arg>email=kennedy@gmail.com</arg>
<arg>password=${EMPTY}</arg>
<doc>Creates and returns a dictionary based on the given ``items``.</doc>
<msg timestamp="20220207 00:35:32.823" level="INFO">${user} = {'email': 'kennedy@gmail.com', 'password': ''}</msg>
<status status="PASS" starttime="20220207 00:35:32.822" endtime="20220207 00:35:32.823"/>
</kw>
<kw name="Go To Login Page" library="AuthActions">
<kw name="Go To" library="Browser">
<arg>${BASE_URL}</arg>
<tag>BrowserControl</tag>
<tag>Setter</tag>
<doc>Navigates to the given ``url``.</doc>
<msg timestamp="20220207 00:35:33.371" level="INFO">Successfully opened URL https://getgeeks-kennedy.herokuapp.com</msg>
<status status="PASS" starttime="20220207 00:35:32.824" endtime="20220207 00:35:33.371"/>
</kw>
<kw name="Wait For Elements State" library="Browser">
<arg>css=.login-form</arg>
<arg>visible</arg>
<arg>5</arg>
<tag>PageContent</tag>
<tag>Wait</tag>
<doc>Waits for the element found by ``selector`` to satisfy state option.</doc>
<msg timestamp="20220207 00:35:33.393" level="INFO">Waited for Element with selector css=.login-form at state visible</msg>
<status status="PASS" starttime="20220207 00:35:33.371" endtime="20220207 00:35:33.393"/>
</kw>
<status status="PASS" starttime="20220207 00:35:32.824" endtime="20220207 00:35:33.393"/>
</kw>
<kw name="Fill Credentials" library="AuthActions">
<arg>${user}</arg>
<kw name="Fill Text" library="Browser">
<arg>${INPUT_EMAIL}</arg>
<arg>${user}[email]</arg>
<tag>PageContent</tag>
<tag>Setter</tag>
<doc>Clears and fills the given ``txt`` into the text field found by ``selector``.</doc>
<msg timestamp="20220207 00:35:33.394" level="INFO">Fills the text 'kennedy@gmail.com' in the given field.</msg>
<status status="PASS" starttime="20220207 00:35:33.393" endtime="20220207 00:35:33.411"/>
</kw>
<kw name="Fill Text" library="Browser">
<arg>${INPUT_PASS}</arg>
<arg>${user}[password]</arg>
<tag>PageContent</tag>
<tag>Setter</tag>
<doc>Clears and fills the given ``txt`` into the text field found by ``selector``.</doc>
<msg timestamp="20220207 00:35:33.412" level="INFO">Fills the text '' in the given field.</msg>
<status status="PASS" starttime="20220207 00:35:33.412" endtime="20220207 00:35:33.425"/>
</kw>
<status status="PASS" starttime="20220207 00:35:33.393" endtime="20220207 00:35:33.425"/>
</kw>
<kw name="Submit Credentials" library="AuthActions">
<kw name="Click" library="Browser">
<arg>css=.submit-button &gt;&gt; text=Entrar</arg>
<tag>PageContent</tag>
<tag>Setter</tag>
<doc>Simulates mouse click on the element found by ``selector``.</doc>
<status status="PASS" starttime="20220207 00:35:33.426" endtime="20220207 00:35:33.480"/>
</kw>
<status status="PASS" starttime="20220207 00:35:33.426" endtime="20220207 00:35:33.480"/>
</kw>
<kw name="Alert Span Should Be" library="_SharedActions">
<arg>Senha obrigatória</arg>
<kw name="Wait For Elements State" library="Browser">
<arg>css=span[class=error] &gt;&gt; text=${expected_alert}</arg>
<arg>visible</arg>
<arg>5</arg>
<tag>PageContent</tag>
<tag>Wait</tag>
<doc>Waits for the element found by ``selector`` to satisfy state option.</doc>
<msg timestamp="20220207 00:35:33.487" level="INFO">Waited for Element with selector css=span[class=error] &gt;&gt; text=Senha obrigatória at state visible</msg>
<status status="PASS" starttime="20220207 00:35:33.481" endtime="20220207 00:35:33.487"/>
</kw>
<status status="PASS" starttime="20220207 00:35:33.481" endtime="20220207 00:35:33.487"/>
</kw>
<kw name="Finish Session" library="Base" type="TEARDOWN">
<kw name="Take Screenshot" library="Browser">
<tag>PageContent</tag>
<doc>Takes a screenshot of the current window or element and saves it to disk.</doc>
<msg timestamp="20220207 00:35:33.682" level="INFO" html="true">&lt;/td&gt;&lt;/tr&gt;&lt;tr&gt;&lt;td colspan="3"&gt;&lt;a href="browser/screenshot/robotframework-browser-screenshot-1.png"&gt;&lt;img src="browser/screenshot/robotframework-browser-screenshot-1.png" width="800px"&gt;&lt;/a&gt;</msg>
<status status="PASS" starttime="20220207 00:35:33.488" endtime="20220207 00:35:33.682"/>
</kw>
<status status="PASS" starttime="20220207 00:35:33.487" endtime="20220207 00:35:33.682"/>
</kw>
<tag>attempt_auth</tag>
<tag>reqp</tag>
<status status="PASS" starttime="20220207 00:35:29.615" endtime="20220207 00:35:33.683"/>
</test>
<test id="s1-s1-t2" name="Email is Required">
<kw name="Start Session" library="Base" type="SETUP">
<kw name="New Browser" library="Browser">
<arg>chromium</arg>
<arg>headless=False</arg>
<arg>slowMo=00:00:00</arg>
<tag>BrowserControl</tag>
<tag>Setter</tag>
<doc>Create a new playwright Browser with specified options.</doc>
<msg timestamp="20220207 00:35:33.730" level="INFO">{"browser": "chromium", "headless": false, "handleSIGINT": true, "handleSIGTERM": true, "handleSIGHUP": true, "timeout": 30000.0, "devtools": false, "slowMo": 0.0, "tracesDir": "C:\\GravidadeZERO\\getgeeks\\project\\logs\\browser\\traces\\65a842a8-6eef-47d6-8275-71799ce65f7c"}</msg>
<msg timestamp="20220207 00:35:34.520" level="INFO">Successfully created browser with options: {"browser":"chromium","headless":false,"handleSIGINT":true,"handleSIGTERM":true,"handleSIGHUP":true,"timeout":30000,"devtools":false,"slowMo":0,"tracesDir":"C:\\GravidadeZERO\\getgeeks\\project\\logs\\browser\\traces\\65a842a8-6eef-47d6-8275-71799ce65f7c"}</msg>
<status status="PASS" starttime="20220207 00:35:33.729" endtime="20220207 00:35:34.520"/>
</kw>
<kw name="New Page" library="Browser">
<arg>${BASE_URL}</arg>
<tag>BrowserControl</tag>
<tag>Setter</tag>
<doc>Open a new Page.</doc>
<msg timestamp="20220207 00:35:37.013" level="INFO">Successfully initialized new page object and opened url: https://getgeeks-kennedy.herokuapp.com</msg>
<msg timestamp="20220207 00:35:37.013" level="INFO">No context was open. New context was automatically opened when this page is created.</msg>
<status status="PASS" starttime="20220207 00:35:34.520" endtime="20220207 00:35:37.013"/>
</kw>
<status status="PASS" starttime="20220207 00:35:33.729" endtime="20220207 00:35:37.013"/>
</kw>
<kw name="Create Dictionary" library="BuiltIn">
<var>${user}</var>
<arg>email=${EMPTY}</arg>
<arg>password=pwd123</arg>
<doc>Creates and returns a dictionary based on the given ``items``.</doc>
<msg timestamp="20220207 00:35:37.014" level="INFO">${user} = {'email': '', 'password': 'pwd123'}</msg>
<status status="PASS" starttime="20220207 00:35:37.014" endtime="20220207 00:35:37.014"/>
</kw>
<kw name="Go To Login Page" library="AuthActions">
<kw name="Go To" library="Browser">
<arg>${BASE_URL}</arg>
<tag>BrowserControl</tag>
<tag>Setter</tag>
<doc>Navigates to the given ``url``.</doc>
<msg timestamp="20220207 00:35:37.609" level="INFO">Successfully opened URL https://getgeeks-kennedy.herokuapp.com</msg>
<status status="PASS" starttime="20220207 00:35:37.015" endtime="20220207 00:35:37.609"/>
</kw>
<kw name="Wait For Elements State" library="Browser">
<arg>css=.login-form</arg>
<arg>visible</arg>
<arg>5</arg>
<tag>PageContent</tag>
<tag>Wait</tag>
<doc>Waits for the element found by ``selector`` to satisfy state option.</doc>
<msg timestamp="20220207 00:35:37.627" level="INFO">Waited for Element with selector css=.login-form at state visible</msg>
<status status="PASS" starttime="20220207 00:35:37.610" endtime="20220207 00:35:37.627"/>
</kw>
<status status="PASS" starttime="20220207 00:35:37.014" endtime="20220207 00:35:37.627"/>
</kw>
<kw name="Fill Credentials" library="AuthActions">
<arg>${user}</arg>
<kw name="Fill Text" library="Browser">
<arg>${INPUT_EMAIL}</arg>
<arg>${user}[email]</arg>
<tag>PageContent</tag>
<tag>Setter</tag>
<doc>Clears and fills the given ``txt`` into the text field found by ``selector``.</doc>
<msg timestamp="20220207 00:35:37.628" level="INFO">Fills the text '' in the given field.</msg>
<status status="PASS" starttime="20220207 00:35:37.628" endtime="20220207 00:35:37.638"/>
</kw>
<kw name="Fill Text" library="Browser">
<arg>${INPUT_PASS}</arg>
<arg>${user}[password]</arg>
<tag>PageContent</tag>
<tag>Setter</tag>
<doc>Clears and fills the given ``txt`` into the text field found by ``selector``.</doc>
<msg timestamp="20220207 00:35:37.639" level="INFO">Fills the text 'pwd123' in the given field.</msg>
<status status="PASS" starttime="20220207 00:35:37.639" endtime="20220207 00:35:37.653"/>
</kw>
<status status="PASS" starttime="20220207 00:35:37.627" endtime="20220207 00:35:37.654"/>
</kw>
<kw name="Submit Credentials" library="AuthActions">
<kw name="Click" library="Browser">
<arg>css=.submit-button &gt;&gt; text=Entrar</arg>
<tag>PageContent</tag>
<tag>Setter</tag>
<doc>Simulates mouse click on the element found by ``selector``.</doc>
<status status="PASS" starttime="20220207 00:35:37.654" endtime="20220207 00:35:37.710"/>
</kw>
<status status="PASS" starttime="20220207 00:35:37.654" endtime="20220207 00:35:37.710"/>
</kw>
<kw name="Alert Span Should Be" library="_SharedActions">
<arg>E-mail obrigatório</arg>
<kw name="Wait For Elements State" library="Browser">
<arg>css=span[class=error] &gt;&gt; text=${expected_alert}</arg>
<arg>visible</arg>
<arg>5</arg>
<tag>PageContent</tag>
<tag>Wait</tag>
<doc>Waits for the element found by ``selector`` to satisfy state option.</doc>
<msg timestamp="20220207 00:35:37.716" level="INFO">Waited for Element with selector css=span[class=error] &gt;&gt; text=E-mail obrigatório at state visible</msg>
<status status="PASS" starttime="20220207 00:35:37.711" endtime="20220207 00:35:37.716"/>
</kw>
<status status="PASS" starttime="20220207 00:35:37.710" endtime="20220207 00:35:37.716"/>
</kw>
<kw name="Finish Session" library="Base" type="TEARDOWN">
<kw name="Take Screenshot" library="Browser">
<tag>PageContent</tag>
<doc>Takes a screenshot of the current window or element and saves it to disk.</doc>
<msg timestamp="20220207 00:35:37.879" level="INFO" html="true">&lt;/td&gt;&lt;/tr&gt;&lt;tr&gt;&lt;td colspan="3"&gt;&lt;a href="browser/screenshot/robotframework-browser-screenshot-2.png"&gt;&lt;img src="browser/screenshot/robotframework-browser-screenshot-2.png" width="800px"&gt;&lt;/a&gt;</msg>
<status status="PASS" starttime="20220207 00:35:37.717" endtime="20220207 00:35:37.879"/>
</kw>
<status status="PASS" starttime="20220207 00:35:37.717" endtime="20220207 00:35:37.879"/>
</kw>
<tag>attempt_auth</tag>
<tag>reqe</tag>
<status status="PASS" starttime="20220207 00:35:33.726" endtime="20220207 00:35:37.880"/>
</test>
<test id="s1-s1-t3" name="Required Fields Authentication">
<kw name="Start Session" library="Base" type="SETUP">
<kw name="New Browser" library="Browser">
<arg>chromium</arg>
<arg>headless=False</arg>
<arg>slowMo=00:00:00</arg>
<tag>BrowserControl</tag>
<tag>Setter</tag>
<doc>Create a new playwright Browser with specified options.</doc>
<msg timestamp="20220207 00:35:37.925" level="INFO">{"browser": "chromium", "headless": false, "handleSIGINT": true, "handleSIGTERM": true, "handleSIGHUP": true, "timeout": 30000.0, "devtools": false, "slowMo": 0.0, "tracesDir": "C:\\GravidadeZERO\\getgeeks\\project\\logs\\browser\\traces\\0dc2e970-ce12-42df-97b9-ee0df2483fdc"}</msg>
<msg timestamp="20220207 00:35:38.736" level="INFO">Successfully created browser with options: {"browser":"chromium","headless":false,"handleSIGINT":true,"handleSIGTERM":true,"handleSIGHUP":true,"timeout":30000,"devtools":false,"slowMo":0,"tracesDir":"C:\\GravidadeZERO\\getgeeks\\project\\logs\\browser\\traces\\0dc2e970-ce12-42df-97b9-ee0df2483fdc"}</msg>
<status status="PASS" starttime="20220207 00:35:37.924" endtime="20220207 00:35:38.736"/>
</kw>
<kw name="New Page" library="Browser">
<arg>${BASE_URL}</arg>
<tag>BrowserControl</tag>
<tag>Setter</tag>
<doc>Open a new Page.</doc>
<msg timestamp="20220207 00:35:41.099" level="INFO">Successfully initialized new page object and opened url: https://getgeeks-kennedy.herokuapp.com</msg>
<msg timestamp="20220207 00:35:41.099" level="INFO">No context was open. New context was automatically opened when this page is created.</msg>
<status status="PASS" starttime="20220207 00:35:38.737" endtime="20220207 00:35:41.099"/>
</kw>
<status status="PASS" starttime="20220207 00:35:37.923" endtime="20220207 00:35:41.099"/>
</kw>
<kw name="Create List" library="BuiltIn">
<var>@{expected_alerts}</var>
<arg>E-mail obrigatório</arg>
<arg>Senha obrigatória</arg>
<doc>Returns a list containing given items.</doc>
<msg timestamp="20220207 00:35:41.100" level="INFO">@{expected_alerts} = [ E-mail obrigatório | Senha obrigatória ]</msg>
<status status="PASS" starttime="20220207 00:35:41.099" endtime="20220207 00:35:41.100"/>
</kw>
<kw name="Go To Login Page" library="AuthActions">
<kw name="Go To" library="Browser">
<arg>${BASE_URL}</arg>
<tag>BrowserControl</tag>
<tag>Setter</tag>
<doc>Navigates to the given ``url``.</doc>
<msg timestamp="20220207 00:35:41.647" level="INFO">Successfully opened URL https://getgeeks-kennedy.herokuapp.com</msg>
<status status="PASS" starttime="20220207 00:35:41.100" endtime="20220207 00:35:41.647"/>
</kw>
<kw name="Wait For Elements State" library="Browser">
<arg>css=.login-form</arg>
<arg>visible</arg>
<arg>5</arg>
<tag>PageContent</tag>
<tag>Wait</tag>
<doc>Waits for the element found by ``selector`` to satisfy state option.</doc>
<msg timestamp="20220207 00:35:41.662" level="INFO">Waited for Element with selector css=.login-form at state visible</msg>
<status status="PASS" starttime="20220207 00:35:41.647" endtime="20220207 00:35:41.662"/>
</kw>
<status status="PASS" starttime="20220207 00:35:41.100" endtime="20220207 00:35:41.662"/>
</kw>
<kw name="Submit Credentials" library="AuthActions">
<kw name="Click" library="Browser">
<arg>css=.submit-button &gt;&gt; text=Entrar</arg>
<tag>PageContent</tag>
<tag>Setter</tag>
<doc>Simulates mouse click on the element found by ``selector``.</doc>
<status status="PASS" starttime="20220207 00:35:41.663" endtime="20220207 00:35:41.709"/>
</kw>
<status status="PASS" starttime="20220207 00:35:41.663" endtime="20220207 00:35:41.709"/>
</kw>
<kw name="Alert Spans Should Be" library="_SharedActions">
<arg>${expected_alerts}</arg>
<kw name="Create List" library="BuiltIn">
<var>@{got_alerts}</var>
<doc>Returns a list containing given items.</doc>
<msg timestamp="20220207 00:35:41.710" level="INFO">@{got_alerts} = [ ]</msg>
<status status="PASS" starttime="20220207 00:35:41.710" endtime="20220207 00:35:41.710"/>
</kw>
<kw name="Get Elements" library="Browser">
<var>${spans}</var>
<arg>xpath=//span[@class="error"]</arg>
<tag>Getter</tag>
<tag>PageContent</tag>
<doc>Returns a reference to playwright element handle for all matched elements by ``selector``.</doc>
<msg timestamp="20220207 00:35:41.722" level="INFO">Found 2 Locators successfully.</msg>
<msg timestamp="20220207 00:35:41.723" level="INFO">${spans} = ['element=6471d969-5583-42e7-b1bb-2f24821ff833', 'element=595d1e70-aa57-4c78-8ede-bc13a5a8856d']</msg>
<status status="PASS" starttime="20220207 00:35:41.710" endtime="20220207 00:35:41.723"/>
</kw>
<for flavor="IN">
<var>${span}</var>
<value>@{spans}</value>
<iter>
<var name="${span}">element=6471d969-5583-42e7-b1bb-2f24821ff833</var>
<kw name="Get Text" library="Browser">
<var>${texT}</var>
<arg>${span}</arg>
<tag>Assertion</tag>
<tag>Getter</tag>
<tag>PageContent</tag>
<doc>Returns text attribute of the element found by ``selector``.</doc>
<msg timestamp="20220207 00:35:41.734" level="INFO">${texT} = E-mail obrigatório</msg>
<status status="PASS" starttime="20220207 00:35:41.723" endtime="20220207 00:35:41.734"/>
</kw>
<kw name="Append To List" library="Collections">
<arg>${got_alerts}</arg>
<arg>${text}</arg>
<doc>Adds ``values`` to the end of ``list``.</doc>
<status status="PASS" starttime="20220207 00:35:41.734" endtime="20220207 00:35:41.734"/>
</kw>
<status status="PASS" starttime="20220207 00:35:41.723" endtime="20220207 00:35:41.734"/>
</iter>
<iter>
<var name="${span}">element=595d1e70-aa57-4c78-8ede-bc13a5a8856d</var>
<kw name="Get Text" library="Browser">
<var>${texT}</var>
<arg>${span}</arg>
<tag>Assertion</tag>
<tag>Getter</tag>
<tag>PageContent</tag>
<doc>Returns text attribute of the element found by ``selector``.</doc>
<msg timestamp="20220207 00:35:41.743" level="INFO">${texT} = Senha obrigatória</msg>
<status status="PASS" starttime="20220207 00:35:41.734" endtime="20220207 00:35:41.743"/>
</kw>
<kw name="Append To List" library="Collections">
<arg>${got_alerts}</arg>
<arg>${text}</arg>
<doc>Adds ``values`` to the end of ``list``.</doc>
<status status="PASS" starttime="20220207 00:35:41.744" endtime="20220207 00:35:41.744"/>
</kw>
<status status="PASS" starttime="20220207 00:35:41.734" endtime="20220207 00:35:41.744"/>
</iter>
<status status="PASS" starttime="20220207 00:35:41.723" endtime="20220207 00:35:41.744"/>
</for>
<kw name="Lists Should Be Equal" library="Collections">
<arg>${expected_alerts}</arg>
<arg>${got_alerts}</arg>
<doc>Fails if given lists are unequal.</doc>
<status status="PASS" starttime="20220207 00:35:41.744" endtime="20220207 00:35:41.744"/>
</kw>
<status status="PASS" starttime="20220207 00:35:41.710" endtime="20220207 00:35:41.744"/>
</kw>
<kw name="Finish Session" library="Base" type="TEARDOWN">
<kw name="Take Screenshot" library="Browser">
<tag>PageContent</tag>
<doc>Takes a screenshot of the current window or element and saves it to disk.</doc>
<msg timestamp="20220207 00:35:41.943" level="INFO" html="true">&lt;/td&gt;&lt;/tr&gt;&lt;tr&gt;&lt;td colspan="3"&gt;&lt;a href="browser/screenshot/robotframework-browser-screenshot-3.png"&gt;&lt;img src="browser/screenshot/robotframework-browser-screenshot-3.png" width="800px"&gt;&lt;/a&gt;</msg>
<status status="PASS" starttime="20220207 00:35:41.745" endtime="20220207 00:35:41.943"/>
</kw>
<status status="PASS" starttime="20220207 00:35:41.745" endtime="20220207 00:35:41.943"/>
</kw>
<tag>attempt_auth</tag>
<tag>reqa</tag>
<status status="PASS" starttime="20220207 00:35:37.921" endtime="20220207 00:35:41.944"/>
</test>
<doc>Authentication Test Suite</doc>
<status status="PASS" starttime="20220207 00:35:28.653" endtime="20220207 00:35:41.985"/>
</suite>
<status status="PASS" starttime="20220207 00:35:28.634" endtime="20220207 00:35:41.991"/>
</suite>
<statistics>
<total>
<stat pass="3" fail="0" skip="0">All Tests</stat>
</total>
<tag>
<stat pass="3" fail="0" skip="0">attempt_auth</stat>
<stat pass="1" fail="0" skip="0">reqa</stat>
<stat pass="1" fail="0" skip="0">reqe</stat>
<stat pass="1" fail="0" skip="0">reqp</stat>
</tag>
<suite>
<stat pass="3" fail="0" skip="0" id="s1" name="Tests">Tests</stat>
<stat pass="3" fail="0" skip="0" id="s1-s1" name="Auth">Tests.Auth</stat>
</suite>
</statistics>
<errors>
</errors>
</robot>
